/__w/mn-samples-bipm/mn-samples-bipm/site/documents/guides/guide-plts-2000_supp_info.err errors


== Anchors

(XML Line 000030): Crossreference target Adams1970 is undefined
	<xref target="Adams1970">1970</xref>
(XML Line 000077): Crossreference target Adams1969 is undefined
	<xref target="Adams1969">1969</xref>
(XML Line 000077): Crossreference target Hechtfischer2001 is undefined
	<xref target="Hechtfischer2001">2001</xref>
(XML Line 000403): Crossreference target Engert2007 is undefined
	<xref target="Engert2007">Engert <em>et al.</em> 2007</xref>
(XML Line 000405): Crossreference target Engert2007 is undefined
	<xref target="Engert2007">Engert <em>et al.</em> 2007</xref>
(XML Line 000408): Crossreference target Engert2007 is undefined
	<xref target="Engert2007">Engert <em>et al.</em> 2007</xref>


== Metanorma XML Syntax

(XML Line 002578:35): element "docidentifier" not allowed yet; missing required element "title"
(XML Line 002581:35): element "docidentifier" not allowed yet; missing required element "title"
(XML Line 002584:35): element "docidentifier" not allowed yet; missing required element "title"
(XML Line 002587:35): element "docidentifier" not allowed yet; missing required element "title"
(XML Line 002590:35): element "docidentifier" not allowed yet; missing required element "title"
(XML Line 002593:35): element "docidentifier" not allowed yet; missing required element "title"
(XML Line 002596:35): element "docidentifier" not allowed yet; missing required element "title"
(XML Line 002599:35): element "docidentifier" not allowed yet; missing required element "title"
(XML Line 002602:35): element "docidentifier" not allowed yet; missing required element "title"
(XML Line 002605:35): element "docidentifier" not allowed yet; missing required element "title"
(XML Line 002608:35): element "docidentifier" not allowed yet; missing required element "title"
(XML Line 002621:35): element "docidentifier" not allowed yet; missing required element "title"
(XML Line 002624:35): element "docidentifier" not allowed yet; missing required element "title"
(XML Line 002627:35): element "docidentifier" not allowed yet; missing required element "title"
(XML Line 002630:35): element "docidentifier" not allowed yet; missing required element "title"
(XML Line 002633:35): element "docidentifier" not allowed yet; missing required element "title"
(XML Line 002645:35): element "docidentifier" not allowed yet; missing required element "title"
(XML Line 002648:35): element "docidentifier" not allowed yet; missing required element "title"
(XML Line 002651:35): element "docidentifier" not allowed yet; missing required element "title"
(XML Line 002654:35): element "docidentifier" not allowed yet; missing required element "title"
(XML Line 002657:35): element "docidentifier" not allowed yet; missing required element "title"
(XML Line 002660:35): element "docidentifier" not allowed yet; missing required element "title"
(XML Line 002663:35): element "docidentifier" not allowed yet; missing required element "title"
(XML Line 002666:35): element "docidentifier" not allowed yet; missing required element "title"
(XML Line 002678:35): element "docidentifier" not allowed yet; missing required element "title"
(XML Line 002681:35): element "docidentifier" not allowed yet; missing required element "title"
(XML Line 002684:35): element "docidentifier" not allowed yet; missing required element "title"
(XML Line 002687:35): element "docidentifier" not allowed yet; missing required element "title"
(XML Line 002690:35): element "docidentifier" not allowed yet; missing required element "title"
(XML Line 002693:35): element "docidentifier" not allowed yet; missing required element "title"
(XML Line 002706:35): element "docidentifier" not allowed yet; missing required element "title"
(XML Line 002709:35): element "docidentifier" not allowed yet; missing required element "title"
(XML Line 002712:35): element "docidentifier" not allowed yet; missing required element "title"
(XML Line 002724:35): element "docidentifier" not allowed yet; missing required element "title"
(XML Line 002727:35): element "docidentifier" not allowed yet; missing required element "title"
