/__w/mn-samples-bipm/mn-samples-bipm/site/documents/cipm-mra/g-02/document.err errors


== Metanorma XML Style Warning

(XML Line 000134): Hanging paragraph in clause
	<clause id="_requirements_for_the_qs" obligation="normative"><title>Requirements for the QS</title><p id="_eb8983db-9345-4b95-8e0f-0c50446dcbe8">The QS operated by the NMI should be:</p>
	<ul id="_d35e307f-0997-40c6-ade9-18910acb68e5">
	<li>
	<p id="_57d9ccdf-ab49-4ac8-9f10-f2143f1d5778">accredited to ISO/IEC 17025 for calibration laboratories or equivalent for an NMI, or</p>
	</li>
(XML Line 000274): Table should have title
	<table id="_da817e24-7cfd-4691-b58f-9fc571c9e717" unnumbered="true">
	<tbody>
	<tr>
	<td valign="top" align="center">
	<p id="_0e009041-4807-450c-8532-2db03846cf96">Version number</p>


== Document Attributes

():  is not a recognised committee


== Metanorma XML Syntax

(XML Line 000040:29): value of attribute "type" is invalid; must be equal to "abridgementOf", "adaptedFrom", "adoptedAs", "adoptedFrom", "annotationOf", "arrangementOf", "cataloguedBy", "catalogues", "cites", "commentaryOf", "complementOf", "complements", "derivedFrom", "derives", "describedBy", "describes", "draftOf", "editionOf", "exemplarOf", "expressionOf", "hasAbridgement", "hasAdaptation", "hasAnnotation", "hasArrangement", "hasCommentary", "hasDraft", "hasEdition", "hasExemplar", "hasExpression", "hasInstance", "hasManifestation", "hasPart", "hasReprint", "hasReproduction", "hasReview", "hasSuccessor", "hasTranslation", "includedIn", "includes", "instance", "isCitedIn", "manifestationOf", "mergedInto", "merges", "obsoletedBy", "obsoletes", "partOf", "related", "reprintOf", "reproductionOf", "reviewOf", "splitInto", "splits", "successorOf", "translatedFrom", "updatedBy" or "updates"
(XML Line 000042:26): element "date" not allowed yet; expected element "fetched", "formattedref" or "title"
(XML Line 000051:23): value of attribute "acronym" is invalid; must be equal to "BIPM", "CCAUV", "CCEM", "CCL", "CCL-CCTF", "CCM", "CCPR", "CCQM", "CCRI", "CCT", "CCTF", "CCU", "CGPM", "CIPM", "INetQI", "JCGM", "JCRB" or "JCTLM"
