/__w/mn-samples-bipm/mn-samples-bipm/site/documents/rapports/2020-01/rapport-2020-01.err errors


== Metanorma XML Style Warning

(XML Line 000176): Hanging paragraph in clause
	<clause id="measurement_protocol" obligation="normative"><title>Measurement protocol</title><p id="_82a16407-5392-4068-8107-52a8613614ca">This comparison was performed following the protocol established for the key comparison BIPM.QM-K1. As OEH NSW is not a Designated Institute under the CIPM MRA, the results of this comparison cannot be included in BIPM.QM-K1, but are published in this BIPM report.</p>
	<p id="_d80289d8-f7c9-41d8-b7c7-911011e9ccc7">The protocol is summarized in this section. The complete version can be downloaded from the BIPM website (<link target="http://www.bipm.org/utils/en/pdf/BIPM.QM-K1_protocol.pdf"/>).</p>
	<p id="_a0a64f3f-7059-4e4c-a401-c069a60b368c">This comparison was performed following protocol A, corresponding to a direct comparison between the OEH national standard SRP21 and the common reference standard BIPM-SRP27 maintained at the BIPM. A comparison between two (or more) ozone photometers consists of producing ozone-air mixtures at different amount-of-substance fractions over the required range, and measuring these with the photometers.</p>
	<clause id="_ozone_generation" obligation="normative"><title>Ozone generation</title><p id="_8b46a9ec-e7d0-41c1-beff-e645e98dd7f8">The same source of purified air is used for all the ozone photometers being compared. This air is used to provide reference air as well as the ozone-air mixture to each ozone photometer.</p>
	<p id="_9a0e3b3a-d225-465b-8f4b-164b117941e3">Ambient air is used as the source for reference air. The air is compressed with an oil-free compressor, and dried and scrubbed with a commercial purification system so that the amount-of-substance fraction of ozone and nitrogen oxides remaining in the air is below detectable limits. The relative humidity of the reference air is monitored and the amount-of-substance fraction of water in air is typically found to be less than 3 μmol/mol. The amount-of-substance fraction of volatile organic hydrocarbons in the reference air was measured (November 2002), with no amount-of-substance fraction of any detected component exceeding 1 nmol/mol.</p>
(XML Line 000201): Hanging paragraph in clause
	<clause id="measurement_standards" obligation="normative"><title>Measurement standards</title><p id="_b81b9a61-d049-4aa4-8cb9-f254587de078">The instruments maintained by the BIPM and the OEH are Standard Reference Photometers (SRP) built by the NIST. More details on the instrument’s operating principle and its capabilities can be found in <eref type="inline" bibitemid="paur" citeas="[1]"/>. The following section describes the measurement principle and the uncertainty budgets.</p>
	<clause id="_measurement_equation_of_a_nist_srp" obligation="normative"><title>Measurement equation of a NIST SRP</title><p id="_911dc0db-79d8-4db8-9524-813bbe9b47f9">The measurement of the ozone amount-of-substance fraction by an SRP is based on the absorption of radiation at 253.7 nm by ozonized air in the gas cells of the instrument. One particular feature of the instrument design is the use of two gas cells to overcome the instability of the light source. The measurement equation is derived from the Beer-Lambert and ideal gas laws. The number concentration (<stem type="MathML"><math xmlns="http://www.w3.org/1998/Math/MathML"><mstyle mathvariant="italic"><mi>C</mi></mstyle></math></stem>) of ozone is calculated from:</p>
	<formula id="eq1">
	<stem type="MathML"><math xmlns="http://www.w3.org/1998/Math/MathML"><mstyle mathvariant="italic"><mi>C</mi></mstyle><mo>=</mo><mfrac><mrow><mrow><mo>−</mo><mn>1</mn></mrow></mrow><mrow><mrow><mn>2</mn><mstyle mathvariant="italic"><mi>σ</mi></mstyle><msub><mrow><mstyle mathvariant="italic"><mi>L</mi></mstyle></mrow><mrow><mtext>opt</mtext></mrow></msub></mrow></mrow></mfrac><mfrac><mrow><mstyle mathvariant="italic"><mi>T</mi></mstyle></mrow><mrow><msub><mrow><mstyle mathvariant="italic"><mi>T</mi></mstyle></mrow><mrow><mtext>std</mtext></mrow></msub></mrow></mfrac><mfrac><mrow><msub><mrow><mstyle mathvariant="italic"><mi>P</mi></mstyle></mrow><mrow><mtext>std</mtext></mrow></msub></mrow><mrow><mstyle mathvariant="italic"><mi>P</mi></mstyle></mrow></mfrac><mtext>ln</mtext><mfenced open="(" close=")"><mrow><mstyle mathvariant="italic"><mi>D</mi></mstyle></mrow></mfenced></math></stem>
	<dl id="_08b6deed-19ab-4313-b9bb-fd1e080cd50a" key="true">
(XML Line 000558): Hanging paragraph in clause
	<clause id="differences" obligation="normative"><title>Differences from the reference values</title><p id="_4dd53fe0-88ef-446d-96e5-f4aa9a8dc752">For the key comparison BIPM.QM-K1, differences from the reference values were calculated at the twelve nominal ozone amount-of-substance fractions measured, but are only shown in this report at two particular values: 80 nmol/mol and 420 nmol/mol. These values correspond to points 3 and 4 recorded in each comparison. The ozone amount-of-substance fractions measured by the ozone standards can differ from the nominal values because an ozone generator has limited reproducibility. However, as stated in the protocol, the value measured by the common reference SRP27 was expected to be within ±15 nmol/mol of the nominal value. Hence, it is meaningful to compare the degree of equivalence calculated for all the participants at the same nominal value.</p>
	<clause id="_definition" obligation="normative"><title>Definition</title><p id="_08e0856d-f94c-4b1b-ad8d-69f71216f039">The difference from the reference value of the participant <stem type="MathML"><math xmlns="http://www.w3.org/1998/Math/MathML"><mi>i</mi></math></stem> at a nominal value <stem type="MathML"><math xmlns="http://www.w3.org/1998/Math/MathML"><msub><mrow><mi>x</mi></mrow><mrow><mtext>nom</mtext></mrow></msub></math></stem> is defined as:</p>
	<formula id="eq10">
	<stem type="MathML"><math xmlns="http://www.w3.org/1998/Math/MathML"><msub><mrow><mstyle mathvariant="italic"><mi>D</mi></mstyle></mrow><mrow><mi>i</mi></mrow></msub><mo>=</mo><msub><mrow><mi>x</mi></mrow><mrow><mi>i</mi></mrow></msub><mo>−</mo><msub><mrow><mi>x</mi></mrow><mrow><mrow><mi mathvariant="normal">S</mi><mi mathvariant="normal">R</mi><mi mathvariant="normal">P</mi><mn>27</mn></mrow></mrow></msub></math></stem>
	</formula>
(XML Line 000612): Hanging paragraph in clause
	<clause id="analysis" obligation="normative"><title>Analysis of the measurement results by generalized least-square regression</title><p id="_4a68f830-f081-479b-9b57-db793e4b84b4">The relationship between two ozone photometers was evaluated with a generalized least-square regression fit performed on the two sets of measured ozone amount-of-substance fractions, taking into account standard measurement uncertainties. To this end, the software package OzonE was used. This software, which is documented in a publication <eref type="inline" bibitemid="bremser" citeas="[6]"/>, is an extension of the previously used software B_Least, recommended by the ISO standard 6143:2001 <eref type="inline" bibitemid="iso6143-2" citeas="[7]"/>. OzonE allows users to account for correlations between measurements performed with the same instrument at different ozone amount-of-substance fractions.</p>
	<p id="_300fd455-f65c-4830-b08f-7913c8443d8d">In a direct comparison, a linear relationship between the ozone amount-of-substance fractions measured by SRP<em>n</em> and SRP27 is obtained:</p>
	<formula id="eq12">
	<stem type="MathML"><math xmlns="http://www.w3.org/1998/Math/MathML"><msub><mrow><mi>x</mi></mrow><mrow><mrow><mtext>SRP</mtext><mi>n</mi></mrow></mrow></msub><mo>=</mo><msub><mrow><mi>a</mi></mrow><mrow><mn>0</mn></mrow></msub><mo>+</mo><msub><mrow><mi>a</mi></mrow><mrow><mn>1</mn></mrow></msub><msub><mrow><mi>x</mi></mrow><mrow><mtext>SRP27</mtext></mrow></msub></math></stem>
	</formula>


== Document Attributes

():  is not a recognised committee


== Metanorma XML Syntax

(XML Line 000016:48): text not allowed here; expected the element end-tag or element "description"
(XML Line 000107:29): value of attribute "type" is invalid; must be equal to "abridgementOf", "adaptedFrom", "adoptedAs", "adoptedFrom", "annotationOf", "arrangementOf", "cataloguedBy", "catalogues", "cites", "commentaryOf", "complementOf", "complements", "derivedFrom", "derives", "describedBy", "describes", "draftOf", "editionOf", "exemplarOf", "expressionOf", "hasAbridgement", "hasAdaptation", "hasAnnotation", "hasArrangement", "hasCommentary", "hasDraft", "hasEdition", "hasExemplar", "hasExpression", "hasInstance", "hasManifestation", "hasPart", "hasReprint", "hasReproduction", "hasReview", "hasSuccessor", "hasTranslation", "includedIn", "includes", "instance", "isCitedIn", "manifestationOf", "mergedInto", "merges", "obsoletedBy", "obsoletes", "partOf", "related", "reprintOf", "reproductionOf", "reviewOf", "splitInto", "splits", "successorOf", "translatedFrom", "updatedBy" or "updates"
(XML Line 000109:26): element "date" not allowed yet; expected element "fetched", "formattedref" or "title"
(XML Line 000118:23): value of attribute "acronym" is invalid; must be equal to "BIPM", "CCAUV", "CCEM", "CCL", "CCL-CCTF", "CCM", "CCPR", "CCQM", "CCRI", "CCT", "CCTF", "CCU", "CGPM", "CIPM", "INetQI", "JCGM", "JCRB" or "JCTLM"
