/__w/mn-samples-bipm/mn-samples-bipm/site/documents/brochure-its90/brochure-its90-en.err errors


== Metanorma XML Style Warning

(XML Line 000117): Hanging paragraph in clause
	<clause id="_definition_of_the_international_temperature_scale_of_1990" obligation="normative"><title>Definition of the International Temperature Scale of 1990</title><p id="_43613cb5-df5b-4e02-a7b1-8eea7fb4b18b">Between <stem type="MathML"><math xmlns="http://www.w3.org/1998/Math/MathML"><mn>0.65</mn><mtext> </mtext><mstyle mathvariant="normal"><mi>K</mi></mstyle></math></stem> and <stem type="MathML"><math xmlns="http://www.w3.org/1998/Math/MathML"><mn>5.0</mn><mtext> </mtext><mstyle mathvariant="normal"><mi>K</mi></mstyle></math></stem> <stem type="MathML"><math xmlns="http://www.w3.org/1998/Math/MathML"><msub><mrow><mstyle mathvariant="italic"><mi>T</mi></mstyle></mrow><mrow><mn>90</mn></mrow></msub></math></stem> is defined in terms of the vapour-pressure
	temperature relations of <sup>3</sup>He and <sup>4</sup>He.</p>
	<p id="_a2c2ed45-f04d-4fcb-a14f-e16f73f9e850">Between <stem type="MathML"><math xmlns="http://www.w3.org/1998/Math/MathML"><mn>3.0</mn><mtext> </mtext><mstyle mathvariant="normal"><mi>K</mi></mstyle></math></stem> and the triple point of neon (<stem type="MathML"><math xmlns="http://www.w3.org/1998/Math/MathML"><mn>24.5561</mn><mtext> </mtext><mstyle mathvariant="normal"><mi>K</mi></mstyle></math></stem>) <stem type="MathML"><math xmlns="http://www.w3.org/1998/Math/MathML"><msub><mrow><mstyle mathvariant="italic"><mi>T</mi></mstyle></mrow><mrow><mn>90</mn></mrow></msub></math></stem> is defined
	by means of a helium gas thermometer calibrated at three experimentally
	realizable temperatures having assigned numerical values (defining fixed
(XML Line 000140): Hanging paragraph in clause
	<clause id="scls_3-2" obligation="normative"><title>From <stem type="MathML"><math xmlns="http://www.w3.org/1998/Math/MathML"><mn>3.0</mn><mtext> </mtext><mstyle mathvariant="normal"><mi>K</mi></mstyle></math></stem> to the triple point of neon (<stem type="MathML"><math xmlns="http://www.w3.org/1998/Math/MathML"><mn>24.5561</mn><mtext> </mtext><mstyle mathvariant="normal"><mi>K</mi></mstyle></math></stem>): gas thermometer</title><p id="_eb587eae-6397-4ca9-b6db-a459486d01fa">In this range <stem type="MathML"><math xmlns="http://www.w3.org/1998/Math/MathML"><msub><mrow><mstyle mathvariant="italic"><mi>T</mi></mstyle></mrow><mrow><mn>90</mn></mrow></msub></math></stem> is defined in terms of a <sup>3</sup>He or a <sup>4</sup>He gas
	thermometer of the constant-volume type that has been calibrated at
	three temperatures. These are the triple point of neon (<stem type="MathML"><math xmlns="http://www.w3.org/1998/Math/MathML"><mn>24.5561</mn><mtext> </mtext><mstyle mathvariant="normal"><mi>K</mi></mstyle></math></stem>), the
	triple point of equilibrium hydrogen (<stem type="MathML"><math xmlns="http://www.w3.org/1998/Math/MathML"><mn>13.8033</mn><mtext> </mtext><mstyle mathvariant="normal"><mi>K</mi></mstyle></math></stem>), and a temperature
	between <stem type="MathML"><math xmlns="http://www.w3.org/1998/Math/MathML"><mn>30</mn><mtext> </mtext><mstyle mathvariant="normal"><mi>K</mi></mstyle></math></stem> and <stem type="MathML"><math xmlns="http://www.w3.org/1998/Math/MathML"><mn>5.0</mn><mtext> </mtext><mstyle mathvariant="normal"><mi>K</mi></mstyle></math></stem>. This last temperature is determined using a
(XML Line 000827): Hanging paragraph in clause
	<clause id="_the_triple_point_of_equilibrium_hydrogen_13_8033_rmk_to_the_freezing_point_of_silver_961_78_rmc_platinum_resistance_thermometer" obligation="normative"><title>The triple point of equilibrium hydrogen (<stem type="MathML"><math xmlns="http://www.w3.org/1998/Math/MathML"><mn>13.8033</mn><mtext> </mtext><mstyle mathvariant="normal"><mi>K</mi></mstyle></math></stem>) to the freezing point of silver (<stem type="MathML"><math xmlns="http://www.w3.org/1998/Math/MathML"><mn>961.78</mn><mtext> </mtext><mstyle mathvariant="normal"><mrow><mi>°</mi><mi>C</mi></mrow></mstyle></math></stem>): platinum resistance thermometer</title><p id="_a846225a-225d-4e50-a9ff-336d4426136e">In this range <stem type="MathML"><math xmlns="http://www.w3.org/1998/Math/MathML"><msub><mrow><mstyle mathvariant="italic"><mi>T</mi></mstyle></mrow><mrow><mn>90</mn></mrow></msub></math></stem> is defined by means of a platinum resistance
	thermometer calibrated at specified sets of defining fixed points, and
	using specified reference and deviation functions for interpolation at
	intervening temperatures.</p>
	<p id="_3e7d6289-993d-4a7d-84c3-e12e68709461">No single platinum resistance thermometer can provide high accuracy,
(XML Line 001414): Hanging paragraph in clause
	<clause id="scls_3-3-1" obligation="normative"><title>The triple point of equilibrium hydrogen (<stem type="MathML"><math xmlns="http://www.w3.org/1998/Math/MathML"><mn>13.8033</mn><mtext> </mtext><mstyle mathvariant="normal"><mi>K</mi></mstyle></math></stem>) to the triple point of water (<stem type="MathML"><math xmlns="http://www.w3.org/1998/Math/MathML"><mn>273.16</mn><mtext> </mtext><mstyle mathvariant="normal"><mi>K</mi></mstyle></math></stem>)</title><p id="_2b70ee59-5c27-403e-9ce7-4d0279f135a9">The thermometer is calibrated at the triple points of equilibrium
	hydrogen (<stem type="MathML"><math xmlns="http://www.w3.org/1998/Math/MathML"><mn>13.8033</mn><mtext> </mtext><mstyle mathvariant="normal"><mi>K</mi></mstyle></math></stem>), neon (<stem type="MathML"><math xmlns="http://www.w3.org/1998/Math/MathML"><mn>24.5561</mn><mtext> </mtext><mstyle mathvariant="normal"><mi>K</mi></mstyle></math></stem>), oxygen (<stem type="MathML"><math xmlns="http://www.w3.org/1998/Math/MathML"><mn>54.3584</mn><mtext> </mtext><mstyle mathvariant="normal"><mi>K</mi></mstyle></math></stem>), argon
	(<stem type="MathML"><math xmlns="http://www.w3.org/1998/Math/MathML"><mn>83.8058</mn><mtext> </mtext><mstyle mathvariant="normal"><mi>K</mi></mstyle></math></stem>), mercury (<stem type="MathML"><math xmlns="http://www.w3.org/1998/Math/MathML"><mn>234.3156</mn><mtext> </mtext><mstyle mathvariant="normal"><mi>K</mi></mstyle></math></stem>), and water (<stem type="MathML"><math xmlns="http://www.w3.org/1998/Math/MathML"><mn>273.16</mn><mtext> </mtext><mstyle mathvariant="normal"><mi>K</mi></mstyle></math></stem>), and at two
	additional temperatures close to <stem type="MathML"><math xmlns="http://www.w3.org/1998/Math/MathML"><mn>17.0</mn><mtext> </mtext><mstyle mathvariant="normal"><mi>K</mi></mstyle></math></stem> and <stem type="MathML"><math xmlns="http://www.w3.org/1998/Math/MathML"><mn>20.3</mn><mtext> </mtext><mstyle mathvariant="normal"><mi>K</mi></mstyle></math></stem>. These last two may
	be determined cither: by using a gas thermometer as described in
(XML Line 001452): Hanging paragraph in clause
	<clause id="scls_3-3-2" obligation="normative"><title>From <stem type="MathML"><math xmlns="http://www.w3.org/1998/Math/MathML"><mn>0</mn><mtext> </mtext><mstyle mathvariant="normal"><mrow><mi>°</mi><mi>C</mi></mrow></mstyle></math></stem> to the freezing point of silver (<stem type="MathML"><math xmlns="http://www.w3.org/1998/Math/MathML"><mn>961.78</mn><mtext> </mtext><mstyle mathvariant="normal"><mrow><mi>°</mi><mi>C</mi></mrow></mstyle></math></stem>)</title><p id="_2fdb1791-a822-4d4e-9869-6150e179a129">The thermometer is calibrated at the triple point of water (<stem type="MathML"><math xmlns="http://www.w3.org/1998/Math/MathML"><mn>0.01</mn><mtext> </mtext><mstyle mathvariant="normal"><mrow><mi>°</mi><mi>C</mi></mrow></mstyle></math></stem>),
	and at the freezing points of tin (<stem type="MathML"><math xmlns="http://www.w3.org/1998/Math/MathML"><mn>231.928</mn><mtext> </mtext><mstyle mathvariant="normal"><mrow><mi>°</mi><mi>C</mi></mrow></mstyle></math></stem>), zinc (<stem type="MathML"><math xmlns="http://www.w3.org/1998/Math/MathML"><mn>419.527</mn><mtext> </mtext><mstyle mathvariant="normal"><mrow><mi>°</mi><mi>C</mi></mrow></mstyle></math></stem>), aluminium
	(<stem type="MathML"><math xmlns="http://www.w3.org/1998/Math/MathML"><mn>660.323</mn><mtext> </mtext><mstyle mathvariant="normal"><mrow><mi>°</mi><mi>C</mi></mrow></mstyle></math></stem>) and silver (<stem type="MathML"><math xmlns="http://www.w3.org/1998/Math/MathML"><mn>961.78</mn><mtext> </mtext><mstyle mathvariant="normal"><mrow><mi>°</mi><mi>C</mi></mrow></mstyle></math></stem>),</p>
	<p id="_44d8ac24-fb44-4387-a70b-f4e4b459a304">The deviation function is:</p>
	<formula id="_5cdc9104-ab4e-4d9c-ae43-024d209383b9" unnumbered="true">
(XML Line 002788): Hanging paragraph in clause
	<annex id="_appendix" obligation="normative"><title>APPENDIX</title><clause id="_the_international_temperature_scale_of_1927_its_27" obligation="normative">
	<title>The International Temperature Scale of 1927 (ITS-27)</title>
	<p id="_a7c05f7a-2d49-40e8-8a24-17814d5f91d0">The International Temperature Scale of 1927 was adopted by the,
	seventh Conférence Générale des Poids et Mesures to overcome the
	practical difficulties of the direct realization of thermodynamic temperatures


== Metanorma XML Syntax

(XML Line 000449:93): element "fn" not allowed here; expected the element end-tag, text or element "br", "em", "eref", "keyword", "link", "smallcap", "stem", "strike", "strong", "sub", "sup", "tt", "underline" or "xref"
