/__w/mn-samples-bipm/mn-samples-bipm/site/documents/brochure-its90/brochure-its90-fr.err errors


== Metanorma XML Style Warning

(XML Line 000124): Hanging paragraph in clause
	<clause id="_définition_de_léchelle_internationale_de_température_de_1990" obligation="normative"><title>Définition de l’Échelle internationale de température de 1990</title><p id="_4987f421-d3bb-4b67-9198-a2804318a3ad">Entre <stem type="MathML"><math xmlns="http://www.w3.org/1998/Math/MathML"><mn>0.65</mn><mtext> </mtext><mstyle mathvariant="normal"><mi>K</mi></mstyle></math></stem> et <stem type="MathML"><math xmlns="http://www.w3.org/1998/Math/MathML"><mn>5.0</mn><mtext> </mtext><mstyle mathvariant="normal"><mi>K</mi></mstyle></math></stem>, la température <stem type="MathML"><math xmlns="http://www.w3.org/1998/Math/MathML"><msub><mrow><mstyle mathvariant="italic"><mi>T</mi></mstyle></mrow><mrow><mn>90</mn></mrow></msub></math></stem> est définie au moyen des
	relations entre la pression de vapeur saturante et la température de ‘He
	et de <sup>4</sup>He.</p>
	<p id="_420c7b55-e1d4-485f-b533-63b48c26bcae">Entre <stem type="MathML"><math xmlns="http://www.w3.org/1998/Math/MathML"><mn>3.0</mn><mtext> </mtext><mstyle mathvariant="normal"><mi>K</mi></mstyle></math></stem> et le point triple du néon (<stem type="MathML"><math xmlns="http://www.w3.org/1998/Math/MathML"><mn>24.5561</mn><mtext> </mtext><mstyle mathvariant="normal"><mi>K</mi></mstyle></math></stem>), la température
	<stem type="MathML"><math xmlns="http://www.w3.org/1998/Math/MathML"><msub><mrow><mstyle mathvariant="italic"><mi>T</mi></mstyle></mrow><mrow><mn>90</mn></mrow></msub></math></stem> est définie à l’aide du thermomètre à gaz à hélium étalonné à trois
(XML Line 000805): Hanging paragraph in clause
	<clause id="scls_3-2" obligation="normative"><title>De <stem type="MathML"><math xmlns="http://www.w3.org/1998/Math/MathML"><mn>3.0</mn><mtext> </mtext><mstyle mathvariant="normal"><mi>K</mi></mstyle></math></stem> au point triple du néon (<stem type="MathML"><math xmlns="http://www.w3.org/1998/Math/MathML"><mn>24.5561</mn><mtext> </mtext><mstyle mathvariant="normal"><mi>K</mi></mstyle></math></stem>): le thermomètre à gaz</title><p id="_8ea6ede3-ebef-4057-89d5-f3c3aeea86f0">Dans ce domaine, la température <stem type="MathML"><math xmlns="http://www.w3.org/1998/Math/MathML"><msub><mrow><mstyle mathvariant="italic"><mi>T</mi></mstyle></mrow><mrow><mn>90</mn></mrow></msub></math></stem> est définie par l’intermédiaire
	du thermomètre à gaz à <sup>3</sup>He ou à <sup>4</sup>He, du type à volume constant,
	étalonné à trois températures: celle du point triple du néon (<stem type="MathML"><math xmlns="http://www.w3.org/1998/Math/MathML"><mn>24.5561</mn><mtext> </mtext><mstyle mathvariant="normal"><mi>K</mi></mstyle></math></stem>),
	celle du point triple de l’hydrogène en équilibre (<stem type="MathML"><math xmlns="http://www.w3.org/1998/Math/MathML"><mn>13.8033</mn><mtext> </mtext><mstyle mathvariant="normal"><mi>K</mi></mstyle></math></stem>) et une
	température comprise entre <stem type="MathML"><math xmlns="http://www.w3.org/1998/Math/MathML"><mn>3.0</mn><mtext> </mtext><mstyle mathvariant="normal"><mi>K</mi></mstyle></math></stem> et <stem type="MathML"><math xmlns="http://www.w3.org/1998/Math/MathML"><mn>5.0</mn><mtext> </mtext><mstyle mathvariant="normal"><mi>K</mi></mstyle></math></stem>; cette dernière est déterminée
(XML Line 000853): Hanging paragraph in clause
	<clause id="_du_point_triple_de_lhydrogène_en_équilibre_13_8033_rmk_au_point_de_congélation_de_largent_961_78_rmc_le_thermomètre_à_résistance_de_platine" obligation="normative"><title>Du point triple de l’hydrogène en équilibre (<stem type="MathML"><math xmlns="http://www.w3.org/1998/Math/MathML"><mn>13.8033</mn><mtext> </mtext><mstyle mathvariant="normal"><mi>K</mi></mstyle></math></stem>) au point de congélation de l’argent (<stem type="MathML"><math xmlns="http://www.w3.org/1998/Math/MathML"><mn>961.78</mn><mtext> </mtext><mstyle mathvariant="normal"><mrow><mi>°</mi><mi>C</mi></mrow></mstyle></math></stem>): le thermomètre à résistance de platine</title><p id="_84fafc55-30e8-4793-8628-12564cf810ff">Dans ce domaine, la température <stem type="MathML"><math xmlns="http://www.w3.org/1998/Math/MathML"><msub><mrow><mstyle mathvariant="italic"><mi>T</mi></mstyle></mrow><mrow><mn>90</mn></mrow></msub></math></stem> est définie au moyen du
	thermomètre à résistance de platine; ce dernier est étalonné à différentes
	séries spécifiées de points fixes de définition, en utilisant des fonctions
	de référence et des fonctions écarts spécifiées pour interpoler aux
	températures intermédiaires.</p>
(XML Line 001452): Hanging paragraph in clause
	<clause id="scls_3-3-1" obligation="normative"><title>Du point triple de l’hydrogène en équilibre (<stem type="MathML"><math xmlns="http://www.w3.org/1998/Math/MathML"><mn>13.8033</mn><mtext> </mtext><mstyle mathvariant="normal"><mi>K</mi></mstyle></math></stem>) au point triple de l’eau (<stem type="MathML"><math xmlns="http://www.w3.org/1998/Math/MathML"><mn>273.16</mn><mtext> </mtext><mstyle mathvariant="normal"><mi>K</mi></mstyle></math></stem>)</title><p id="_f1b87861-f9b3-445a-aea6-6b31f2896ec4">Le thermomètre est étalonné aux points triples de l’hydrogène en
	équilibre (<stem type="MathML"><math xmlns="http://www.w3.org/1998/Math/MathML"><mn>13.8033</mn><mtext> </mtext><mstyle mathvariant="normal"><mi>K</mi></mstyle></math></stem>), du néon (<stem type="MathML"><math xmlns="http://www.w3.org/1998/Math/MathML"><mn>24.5561</mn><mtext> </mtext><mstyle mathvariant="normal"><mi>K</mi></mstyle></math></stem>), de l’oxygène (<stem type="MathML"><math xmlns="http://www.w3.org/1998/Math/MathML"><mn>54.3584</mn><mtext> </mtext><mstyle mathvariant="normal"><mi>K</mi></mstyle></math></stem>),
	de l’argon (<stem type="MathML"><math xmlns="http://www.w3.org/1998/Math/MathML"><mn>83.8058</mn><mtext> </mtext><mstyle mathvariant="normal"><mi>K</mi></mstyle></math></stem>), du mercure (<stem type="MathML"><math xmlns="http://www.w3.org/1998/Math/MathML"><mn>234.3156</mn><mtext> </mtext><mstyle mathvariant="normal"><mi>K</mi></mstyle></math></stem>) et de l’eau (<stem type="MathML"><math xmlns="http://www.w3.org/1998/Math/MathML"><mn>273.16</mn><mtext> </mtext><mstyle mathvariant="normal"><mi>K</mi></mstyle></math></stem>),
	ainsi qu’à deux températures complémentaires proches’ de <stem type="MathML"><math xmlns="http://www.w3.org/1998/Math/MathML"><mn>17.0</mn><mtext> </mtext><mstyle mathvariant="normal"><mi>K</mi></mstyle></math></stem> et de
	<stem type="MathML"><math xmlns="http://www.w3.org/1998/Math/MathML"><mn>20.3</mn><mtext> </mtext><mstyle mathvariant="normal"><mi>K</mi></mstyle></math></stem>. Ces dernières peuvent être déterminées de deux façons différentes:
(XML Line 001498): Hanging paragraph in clause
	<clause id="scls_3-3-2" obligation="normative"><title>De <stem type="MathML"><math xmlns="http://www.w3.org/1998/Math/MathML"><mn>0</mn><mtext> </mtext><mstyle mathvariant="normal"><mrow><mi>°</mi><mi>C</mi></mrow></mstyle></math></stem> au point de congélation de l’argent (<stem type="MathML"><math xmlns="http://www.w3.org/1998/Math/MathML"><mn>961.78</mn><mtext> </mtext><mstyle mathvariant="normal"><mrow><mi>°</mi><mi>C</mi></mrow></mstyle></math></stem>)</title><p id="_54eb89c9-37a9-4757-b726-5ef0ac93325f">Le thermomètre est étalonné au point triple de l’eau (<stem type="MathML"><math xmlns="http://www.w3.org/1998/Math/MathML"><mn>0.01</mn><mtext> </mtext><mstyle mathvariant="normal"><mrow><mi>°</mi><mi>C</mi></mrow></mstyle></math></stem>) et
	aux poinis de congélation de l’étain (<stem type="MathML"><math xmlns="http://www.w3.org/1998/Math/MathML"><mn>231.928</mn><mtext> </mtext><mstyle mathvariant="normal"><mrow><mi>°</mi><mi>C</mi></mrow></mstyle></math></stem>), du zinc (<stem type="MathML"><math xmlns="http://www.w3.org/1998/Math/MathML"><mn>419.527</mn><mtext> </mtext><mstyle mathvariant="normal"><mrow><mi>°</mi><mi>C</mi></mrow></mstyle></math></stem>),
	de l’aluminium (<stem type="MathML"><math xmlns="http://www.w3.org/1998/Math/MathML"><mn>660.323</mn><mtext> </mtext><mstyle mathvariant="normal"><mrow><mi>°</mi><mi>C</mi></mrow></mstyle></math></stem>) et de l’argent (<stem type="MathML"><math xmlns="http://www.w3.org/1998/Math/MathML"><mn>961.78</mn><mtext> </mtext><mstyle mathvariant="normal"><mrow><mi>°</mi><mi>C</mi></mrow></mstyle></math></stem>).</p>
	<p id="_3b5b96f9-1ee8-466f-8860-5d05a2321411">La fonction écart est donnée par la relation:</p>
	<formula id="_8b05a777-bb66-447e-b56c-50a1512a2c15" unnumbered="true">
(XML Line 002838): Hanging paragraph in clause
	<annex id="_annexe" obligation="normative"><title>ANNEXE</title><clause id="_échelle_internationale_de_température_de_1927_eit_27" obligation="normative">
	<title>Échelle internationale de température de 1927 (EIT-27)</title>
	<p id="_6bc1058f-225e-45ea-aa5f-517bd6f38937">L’Échelle internationale de température de 1927 a été adoptée par
	la 7<sup>e</sup> Conférence générale des poids et mesures, pour surmonter les
	difficultés pratiques de la détermination directe des températures


== Metanorma XML Syntax

(XML Line 000460:103): element "fn" not allowed here; expected the element end-tag, text or element "br", "em", "eref", "keyword", "link", "smallcap", "stem", "strike", "strong", "sub", "sup", "tt", "underline" or "xref"
