/__w/mn-samples-bipm/mn-samples-bipm/site/documents/brochure-its90/mep-brochure-its90-en.err errors


== Anchors

(XML Line 000029): Crossreference target Li1988 is undefined
	<xref target="Li1988">Li <em>et al.</em> 1988</xref>
(XML Line 000029): Crossreference target Laeter2003 is undefined
	<xref target="Laeter2003">Laeter <em>et al.</em> 2003</xref>
(XML Line 000068): Crossreference target Fellmuth2005 is undefined
	<xref target="Fellmuth2005">Fellmuth <em>et al.</em> 2005</xref>
(XML Line 000070): Crossreference target Pavese2002 is undefined
	<xref target="Pavese2002">Pavese <em>et al.</em> 2002</xref>
(XML Line 000078): Crossreference target Fellmuth2005 is undefined
	<xref target="Fellmuth2005">Fellmuth <em>et al.</em> 2005</xref>
(XML Line 000085): Crossreference target Pavese2002 is undefined
	<xref target="Pavese2002">Pavese <em>et al.</em> 2002</xref>


== Metanorma XML Syntax

(XML Line 000372:35): element "docidentifier" not allowed yet; missing required element "title"
(XML Line 000375:35): element "docidentifier" not allowed yet; missing required element "title"
(XML Line 000378:35): element "docidentifier" not allowed yet; missing required element "title"
(XML Line 000381:35): element "docidentifier" not allowed yet; missing required element "title"
(XML Line 000384:35): element "docidentifier" not allowed yet; missing required element "title"
(XML Line 000387:35): element "docidentifier" not allowed yet; missing required element "title"
(XML Line 000390:35): element "docidentifier" not allowed yet; missing required element "title"
(XML Line 000393:35): element "docidentifier" not allowed yet; missing required element "title"
(XML Line 000396:35): element "docidentifier" not allowed yet; missing required element "title"
(XML Line 000399:35): element "docidentifier" not allowed yet; missing required element "title"
(XML Line 000402:35): element "docidentifier" not allowed yet; missing required element "title"
(XML Line 000405:35): element "docidentifier" not allowed yet; missing required element "title"
(XML Line 000408:35): element "docidentifier" not allowed yet; missing required element "title"
(XML Line 000411:35): element "docidentifier" not allowed yet; missing required element "title"
(XML Line 000414:35): element "docidentifier" not allowed yet; missing required element "title"
(XML Line 000417:35): element "docidentifier" not allowed yet; missing required element "title"
(XML Line 000420:35): element "docidentifier" not allowed yet; missing required element "title"
(XML Line 000423:35): element "docidentifier" not allowed yet; missing required element "title"
