/__w/mn-samples-bipm/mn-samples-bipm/site/documents/guide-its90/guide-its90-02_4.err errors


== Anchors

(XML Line 000113): Crossreference target Furukawa1982 is undefined
	<xref target="Furukawa1982">Furukawa (1982)</xref>
(XML Line 000116): Crossreference target Furukawa1982 is undefined
	<xref target="Furukawa1982">Furukawa (1982)</xref>
(XML Line 000122): Crossreference target Furukawa1982 is undefined
	<xref target="Furukawa1982">Furukawa 1982</xref>
(XML Line 000128): Crossreference target Hermier1992 is undefined
	<xref target="Hermier1992">Hermier and Bonnier 1992</xref>
(XML Line 000133): Crossreference target Bojkowski2008 is undefined
	<xref target="Bojkowski2008">Bojkowski <em>et al.</em> (2008)</xref>
(XML Line 000135): Crossreference target Mangum1982 is undefined
	<xref target="Mangum1982">Mangum (1982)</xref>
(XML Line 000158): Crossreference target Silva2013 is undefined
	<xref target="Silva2013">Silva and Teixera (2013)</xref>
(XML Line 000162): Crossreference target Petchpong2007 is undefined
	<xref target="Petchpong2007">Petchpong and Head (2007)</xref>
(XML Line 000345): Crossreference target McLaren1962 is undefined
	<xref target="McLaren1962">McLaren (1962)</xref>
(XML Line 000350): Crossreference target StrouseFurukawa1999 is undefined
	<xref target="StrouseFurukawa1999">Strouse and Furukawa (1999)</xref>
(XML Line 000419): Crossreference target McLaren1966a is undefined
	<xref target="McLaren1966a">McLaren and Murdock (1966a)</xref>
(XML Line 000419): Crossreference target McLaren1966b is undefined
	<xref target="McLaren1966b">McLaren and Murdock (1966b)</xref>


== Metanorma XML Style Warning

(XML Line 000100): Hanging paragraph in clause
	<clause id="_fixed_point_cell_assembly" obligation="normative">
	<title>Fixed-point cell assembly</title>
	<p id="_41f26205-2233-2065-1656-b4700863890c">For calibration of a standard platinum resistance thermometer to the highest accuracy, all metal ingots should be nominally better than <stem type="MathML"><math xmlns="http://www.w3.org/1998/Math/MathML"><mn>99.9999</mn><mo>%</mo></math></stem> pure. Freezing point temperatures below <stem type="MathML"><math xmlns="http://www.w3.org/1998/Math/MathML"><mn>420</mn><mo rspace="thickmathspace">⁢</mo><mrow xref="U_NISTu23"><mi mathvariant="normal">°C</mi></mrow>
	
	


== Metanorma XML Syntax

(XML Line 001432:232): element "fn" not allowed here; expected the element end-tag, text or element "br", "em", "eref", "keyword", "link", "smallcap", "stem", "strike", "strong", "sub", "sup", "tt", "underline" or "xref"
(XML Line 001489:164): element "fn" not allowed here; expected the element end-tag, text or element "br", "em", "eref", "keyword", "link", "smallcap", "stem", "strike", "strong", "sub", "sup", "tt", "underline" or "xref"
(XML Line 001589:151): element "fn" not allowed here; expected the element end-tag, text or element "br", "em", "eref", "keyword", "link", "smallcap", "stem", "strike", "strong", "sub", "sup", "tt", "underline" or "xref"
(XML Line 001604:35): element "docidentifier" not allowed yet; missing required element "title"
(XML Line 001607:35): element "docidentifier" not allowed yet; missing required element "title"
(XML Line 001610:35): element "docidentifier" not allowed yet; missing required element "title"
(XML Line 001613:35): element "docidentifier" not allowed yet; missing required element "title"
(XML Line 001616:35): element "docidentifier" not allowed yet; missing required element "title"
(XML Line 001619:35): element "docidentifier" not allowed yet; missing required element "title"
(XML Line 001622:35): element "docidentifier" not allowed yet; missing required element "title"
(XML Line 001625:35): element "docidentifier" not allowed yet; missing required element "title"
(XML Line 001628:35): element "docidentifier" not allowed yet; missing required element "title"
(XML Line 001631:35): element "docidentifier" not allowed yet; missing required element "title"
(XML Line 001634:35): element "docidentifier" not allowed yet; missing required element "title"
(XML Line 001637:35): element "docidentifier" not allowed yet; missing required element "title"
(XML Line 001640:35): element "docidentifier" not allowed yet; missing required element "title"
(XML Line 001643:35): element "docidentifier" not allowed yet; missing required element "title"
(XML Line 001646:35): element "docidentifier" not allowed yet; missing required element "title"
(XML Line 001649:35): element "docidentifier" not allowed yet; missing required element "title"
(XML Line 001652:35): element "docidentifier" not allowed yet; missing required element "title"
(XML Line 001655:35): element "docidentifier" not allowed yet; missing required element "title"
(XML Line 001658:35): element "docidentifier" not allowed yet; missing required element "title"
(XML Line 001661:35): element "docidentifier" not allowed yet; missing required element "title"
(XML Line 001664:35): element "docidentifier" not allowed yet; missing required element "title"
(XML Line 001667:35): element "docidentifier" not allowed yet; missing required element "title"
(XML Line 001670:35): element "docidentifier" not allowed yet; missing required element "title"
(XML Line 001673:35): element "docidentifier" not allowed yet; missing required element "title"
(XML Line 001676:35): element "docidentifier" not allowed yet; missing required element "title"
(XML Line 001679:35): element "docidentifier" not allowed yet; missing required element "title"
(XML Line 001682:35): element "docidentifier" not allowed yet; missing required element "title"
(XML Line 001685:35): element "docidentifier" not allowed yet; missing required element "title"
(XML Line 001688:35): element "docidentifier" not allowed yet; missing required element "title"
(XML Line 001691:35): element "docidentifier" not allowed yet; missing required element "title"
(XML Line 001694:35): element "docidentifier" not allowed yet; missing required element "title"
(XML Line 001697:35): element "docidentifier" not allowed yet; missing required element "title"
(XML Line 001700:35): element "docidentifier" not allowed yet; missing required element "title"
(XML Line 001703:35): element "docidentifier" not allowed yet; missing required element "title"
(XML Line 001706:35): element "docidentifier" not allowed yet; missing required element "title"
(XML Line 001709:35): element "docidentifier" not allowed yet; missing required element "title"
(XML Line 001712:35): element "docidentifier" not allowed yet; missing required element "title"
(XML Line 001715:35): element "docidentifier" not allowed yet; missing required element "title"
(XML Line 001718:35): element "docidentifier" not allowed yet; missing required element "title"
(XML Line 001721:35): element "docidentifier" not allowed yet; missing required element "title"
(XML Line 001724:35): element "docidentifier" not allowed yet; missing required element "title"
(XML Line 001727:35): element "docidentifier" not allowed yet; missing required element "title"
(XML Line 001730:35): element "docidentifier" not allowed yet; missing required element "title"
(XML Line 001743:35): element "docidentifier" not allowed yet; missing required element "title"
(XML Line 001746:35): element "docidentifier" not allowed yet; missing required element "title"
(XML Line 001749:35): element "docidentifier" not allowed yet; missing required element "title"
(XML Line 001752:35): element "docidentifier" not allowed yet; missing required element "title"
(XML Line 001755:35): element "docidentifier" not allowed yet; missing required element "title"
(XML Line 001758:35): element "docidentifier" not allowed yet; missing required element "title"
(XML Line 001761:35): element "docidentifier" not allowed yet; missing required element "title"
(XML Line 001764:35): element "docidentifier" not allowed yet; missing required element "title"
(XML Line 001767:35): element "docidentifier" not allowed yet; missing required element "title"
(XML Line 001770:35): element "docidentifier" not allowed yet; missing required element "title"
(XML Line 001773:35): element "docidentifier" not allowed yet; missing required element "title"
(XML Line 001776:35): element "docidentifier" not allowed yet; missing required element "title"
(XML Line 001779:35): element "docidentifier" not allowed yet; missing required element "title"
(XML Line 001782:35): element "docidentifier" not allowed yet; missing required element "title"
(XML Line 001785:35): element "docidentifier" not allowed yet; missing required element "title"
(XML Line 001788:35): element "docidentifier" not allowed yet; missing required element "title"
(XML Line 001791:35): element "docidentifier" not allowed yet; missing required element "title"
(XML Line 001794:35): element "docidentifier" not allowed yet; missing required element "title"
(XML Line 001797:35): element "docidentifier" not allowed yet; missing required element "title"
(XML Line 001800:35): element "docidentifier" not allowed yet; missing required element "title"
(XML Line 001803:35): element "docidentifier" not allowed yet; missing required element "title"
(XML Line 001806:35): element "docidentifier" not allowed yet; missing required element "title"
(XML Line 001818:35): element "docidentifier" not allowed yet; missing required element "title"
(XML Line 001821:35): element "docidentifier" not allowed yet; missing required element "title"
(XML Line 001824:35): element "docidentifier" not allowed yet; missing required element "title"
(XML Line 001847:35): element "docidentifier" not allowed yet; missing required element "title"
(XML Line 001850:35): element "docidentifier" not allowed yet; missing required element "title"
(XML Line 001863:35): element "docidentifier" not allowed yet; missing required element "title"
(XML Line 001866:35): element "docidentifier" not allowed yet; missing required element "title"
(XML Line 001889:35): element "docidentifier" not allowed yet; missing required element "title"
(XML Line 001892:35): element "docidentifier" not allowed yet; missing required element "title"
(XML Line 001895:35): element "docidentifier" not allowed yet; missing required element "title"
(XML Line 001898:35): element "docidentifier" not allowed yet; missing required element "title"
(XML Line 001901:35): element "docidentifier" not allowed yet; missing required element "title"
(XML Line 001904:35): element "docidentifier" not allowed yet; missing required element "title"
(XML Line 001907:35): element "docidentifier" not allowed yet; missing required element "title"
(XML Line 001910:35): element "docidentifier" not allowed yet; missing required element "title"
(XML Line 001913:35): element "docidentifier" not allowed yet; missing required element "title"
(XML Line 001916:35): element "docidentifier" not allowed yet; missing required element "title"
(XML Line 001919:35): element "docidentifier" not allowed yet; missing required element "title"
