/__w/mn-samples-bipm/mn-samples-bipm/site/documents/guide-its90/guide-its90-03.err errors


== Anchors

(XML Line 000032): Crossreference target CCT2010 is undefined
	<xref target="CCT2010">CCT 2010</xref>
(XML Line 000204): Crossreference target El1979 is undefined
	<xref target="El1979">El Samahy 1979</xref>
(XML Line 000204): Crossreference target de1993 is undefined
	<xref target="de1993">1993</xref>
(XML Line 000204): Crossreference target de1997 is undefined
	<xref target="de1997">1997</xref>
(XML Line 000433): Crossreference target El1979 is undefined
	<xref target="El1979">El Samahy 1979</xref>
(XML Line 000433): Crossreference target de1993 is undefined
	<xref target="de1993">1993</xref>
(XML Line 000433): Crossreference target de1997 is undefined
	<xref target="de1997">1997</xref>


== Metanorma XML Style Warning

(XML Line 000358): Hanging paragraph in clause
	<clause id="_primary_standards_and_transducers_for_pressure_measurements" obligation="normative">
	<title>Primary standards and transducers for pressure measurements</title>
	<p id="_12a0b2f6-f238-7877-61cc-4e540b126244">Pressure measurements are required for the realization of the helium vapour-pressure scales, the boiling points of hydrogen and the interpolating gas thermometer, see ITS-90 Guide Chapter 4 <em>Gas Thermometry</em>. <xref target="tab1"/> summarises helium and hydrogen vapour-pressure data and allows themeasurement requirements to be calculated. It shows that in order to cover the complete range for <sup>4</sup>He, it is necessary to measure absolute pressures from <stem type="MathML"><math xmlns="http://www.w3.org/1998/Math/MathML"><mn>100</mn><mo rspace="thickmathspace">⁢</mo><mrow xref="U_NISTu12"><mi mathvariant="normal">Pa</mi></mrow>
	
	


== Metanorma XML Syntax

(XML Line 000776:1087): element "Sparasci2011" not allowed here; expected the element end-tag, text or element "br", "date", "em", "locality", "localityStack", "smallcap", "strike", "strong", "sub", "sup", "tt" or "underline"
(XML Line 002321:35): element "docidentifier" not allowed yet; missing required element "title"
(XML Line 002324:35): element "docidentifier" not allowed yet; missing required element "title"
(XML Line 002327:35): element "docidentifier" not allowed yet; missing required element "title"
(XML Line 002350:35): element "docidentifier" not allowed yet; missing required element "title"
(XML Line 002353:35): element "docidentifier" not allowed yet; missing required element "title"
(XML Line 002356:35): element "docidentifier" not allowed yet; missing required element "title"
(XML Line 002379:35): element "docidentifier" not allowed yet; missing required element "title"
(XML Line 002382:35): element "docidentifier" not allowed yet; missing required element "title"
(XML Line 002385:35): element "docidentifier" not allowed yet; missing required element "title"
(XML Line 002388:35): element "docidentifier" not allowed yet; missing required element "title"
(XML Line 002391:35): element "docidentifier" not allowed yet; missing required element "title"
(XML Line 002414:35): element "docidentifier" not allowed yet; missing required element "title"
(XML Line 002437:35): element "docidentifier" not allowed yet; missing required element "title"
(XML Line 002440:35): element "docidentifier" not allowed yet; missing required element "title"
(XML Line 002463:35): element "docidentifier" not allowed yet; missing required element "title"
(XML Line 002486:35): element "docidentifier" not allowed yet; missing required element "title"
(XML Line 002489:35): element "docidentifier" not allowed yet; missing required element "title"
(XML Line 002512:35): element "docidentifier" not allowed yet; missing required element "title"
(XML Line 002515:35): element "docidentifier" not allowed yet; missing required element "title"
(XML Line 002518:35): element "docidentifier" not allowed yet; missing required element "title"
(XML Line 002521:35): element "docidentifier" not allowed yet; missing required element "title"
(XML Line 002524:35): element "docidentifier" not allowed yet; missing required element "title"
(XML Line 002527:35): element "docidentifier" not allowed yet; missing required element "title"
(XML Line 002548:35): element "docidentifier" not allowed yet; missing required element "title"
(XML Line 002551:35): element "docidentifier" not allowed yet; missing required element "title"
(XML Line 002564:35): element "docidentifier" not allowed yet; missing required element "title"
(XML Line 002587:35): element "docidentifier" not allowed yet; missing required element "title"
(XML Line 002590:35): element "docidentifier" not allowed yet; missing required element "title"
(XML Line 002593:35): element "docidentifier" not allowed yet; missing required element "title"
(XML Line 002596:35): element "docidentifier" not allowed yet; missing required element "title"
(XML Line 002599:35): element "docidentifier" not allowed yet; missing required element "title"
(XML Line 002622:35): element "docidentifier" not allowed yet; missing required element "title"
(XML Line 002625:35): element "docidentifier" not allowed yet; missing required element "title"
(XML Line 002646:35): element "docidentifier" not allowed yet; missing required element "title"
(XML Line 002649:35): element "docidentifier" not allowed yet; missing required element "title"
(XML Line 002652:35): element "docidentifier" not allowed yet; missing required element "title"
(XML Line 002655:35): element "docidentifier" not allowed yet; missing required element "title"
(XML Line 002676:35): element "docidentifier" not allowed yet; missing required element "title"
(XML Line 002679:35): element "docidentifier" not allowed yet; missing required element "title"
(XML Line 002682:35): element "docidentifier" not allowed yet; missing required element "title"
(XML Line 002685:35): element "docidentifier" not allowed yet; missing required element "title"
(XML Line 002688:35): element "docidentifier" not allowed yet; missing required element "title"
(XML Line 002700:35): element "docidentifier" not allowed yet; missing required element "title"
(XML Line 002703:35): element "docidentifier" not allowed yet; missing required element "title"
(XML Line 002715:35): element "docidentifier" not allowed yet; missing required element "title"
(XML Line 002736:35): element "docidentifier" not allowed yet; missing required element "title"
(XML Line 002739:35): element "docidentifier" not allowed yet; missing required element "title"
(XML Line 002742:35): element "docidentifier" not allowed yet; missing required element "title"
(XML Line 002754:35): element "docidentifier" not allowed yet; missing required element "title"
(XML Line 002757:35): element "docidentifier" not allowed yet; missing required element "title"
(XML Line 002760:35): element "docidentifier" not allowed yet; missing required element "title"
(XML Line 002763:35): element "docidentifier" not allowed yet; missing required element "title"
(XML Line 002766:35): element "docidentifier" not allowed yet; missing required element "title"
(XML Line 002769:35): element "docidentifier" not allowed yet; missing required element "title"
(XML Line 002772:35): element "docidentifier" not allowed yet; missing required element "title"
(XML Line 002795:35): element "docidentifier" not allowed yet; missing required element "title"
(XML Line 002798:35): element "docidentifier" not allowed yet; missing required element "title"
(XML Line 002801:35): element "docidentifier" not allowed yet; missing required element "title"
(XML Line 002804:35): element "docidentifier" not allowed yet; missing required element "title"
(XML Line 002807:35): element "docidentifier" not allowed yet; missing required element "title"
(XML Line 002810:35): element "docidentifier" not allowed yet; missing required element "title"
(XML Line 002813:35): element "docidentifier" not allowed yet; missing required element "title"
(XML Line 002816:35): element "docidentifier" not allowed yet; missing required element "title"
(XML Line 002819:35): element "docidentifier" not allowed yet; missing required element "title"
(XML Line 002822:35): element "docidentifier" not allowed yet; missing required element "title"
(XML Line 002834:35): element "docidentifier" not allowed yet; missing required element "title"
