/__w/mn-samples-bipm/mn-samples-bipm/site/documents/guide-its90/guide-its90-02_1.err errors


== Metanorma XML Style Warning

(XML Line 000046): Hanging paragraph in clause
	<clause id="cls_2" obligation="normative">
	<title>Effects of impurities in fixed-point samples</title>
	<p id="_8c4a20b2-1177-2d6e-6723-398d97edac54">Background information on the behaviour of impurities during freezing and melting is contained in various text books, for instance in <eref type="inline" bibitemid="lewis1961" citeas="[48]"/>, <eref type="inline" bibitemid="gilman1963" citeas="[32]"/>, <eref type="inline" bibitemid="ubbelohde1965" citeas="[96]"/>, <eref type="inline" bibitemid="prince1966" citeas="[76]"/>, <eref type="inline" bibitemid="pfann1966" citeas="[74]"/>, <eref type="inline" bibitemid="brice" citeas="[13]"/>, <eref type="inline" bibitemid="hein" citeas="[38]"/>, <eref type="inline" bibitemid="chernov" citeas="[15]"/>, <eref type="inline" bibitemid="sloan1988" citeas="[83]"/>, <eref type="inline" bibitemid="kurz" citeas="[45]"/>, <eref type="inline" bibitemid="pimpinelli1998" citeas="[75]"/>, <eref type="inline" bibitemid="drapala" citeas="[20]"/>. The starting point for the thermodynamic description of phase transitions is establishing the equality of the thermodynamic potentials of the involved phases. In <link target="http://www.bipm.org/utils/common/pdf/ITS-90/Guide_ITS-90_2_1_Impurities_Appendix-1_2018.pdf">Appendix 1</link>, this approach is used to derive approximate relations between the basic crystallographic parameters and the relevant thermodynamic quantities. In this subsection, the relations from the literature that are needed to assess the uncertainty due to the influence of impurities are summarised.</p>
	
	<clause id="scls_2-1" obligation="normative">
(XML Line 000081): Hanging paragraph in clause
	<clause id="scls_2-3" obligation="normative">
	<title>Solid Solution / Liquid Solution</title>
	<p id="_93614228-94dc-d60d-175f-e9c12ff845ae">When solid solutions of a fixed-point material and its impurities are formed (solid solution / liquid solution), three distinct conditions of segregation of the components can occur during freezing (diffusion in the solid phase can usually be neglected) <eref type="inline" bibitemid="gilman1963" citeas="[32]"/>: Complete mixing, partial mixing, and no mixing in the liquid. In the latter two cases, non-equilibrium effects have to be considered. In practice, several non-equilibrium effects affect the distribution of impurities. These include diffusion, convection, and the non-uniform advancement of the interface due to the formation of particular crystalline structures <eref type="inline" bibitemid="sloan1988" citeas="[83]"/>.</p>
	
	<p id="_929522fc-c09f-f8bf-c45a-aabd91fae24b">For fixed-point realisations, diffusion effects are particularly significant. The time taken for impurities to fully diffuse and equilibrate over distances of many millimetres in the liquid phase is usually tens of hours. Consequently, the shape and temperature range of freezing plateaus can depart significantly from the equilibrium curves. The effects of convection are insignificant because of the very small temperature gradients in the sample volume. Considering the typical order of magnitude of the diffusion coefficients <stem type="MathML"><math xmlns="http://www.w3.org/1998/Math/MathML"><mstyle mathvariant="italic"><mi>D</mi></mstyle></math></stem> in liquid metals (<stem type="MathML"><math xmlns="http://www.w3.org/1998/Math/MathML"><msup><mrow><mn>10</mn></mrow><mrow><mrow><mo>−</mo><mn>5</mn></mrow></mrow></msup><mo rspace="thickmathspace">⁢</mo><mrow xref="U_cm/s"><mi mathvariant="normal">cm</mi><mo>/</mo><mi mathvariant="normal">s</mi></mrow>
(XML Line 000138): Hanging paragraph in clause
	<clause id="cls_3" obligation="normative">
	<title>Methods for estimating the effects of impurities and uncertainties</title>
	<p id="_e8545ca5-60a6-868d-a6b6-d37d4ab3eb60">Three methods of differing significance were proposed in <eref type="inline" bibitemid="fellmuth2001" citeas="[26]"/>, <eref type="inline" bibitemid="fellmuth2005" citeas="[28]"/> with a view to obtaining a reliable estimate of the uncertainty component due to impurities. These methods are the “Sum of Individual Estimates” (SIE), the “Overall Maximum Estimate” (OME), and the “Estimate based on Representative Comparisons” (ERC). They are discussed here in turn (ERC in <xref target="cls_7"/>), and also some additional combined approaches. Since the estimates are valid for the liquidus point, where only an infinitesimal portion of the sample is frozen, the determination of the liquidus-point temperature is treated at the end of this section.</p>
	
	<clause id="scls_3-1" obligation="normative">
(XML Line 000414): Hanging paragraph in clause
	<clause id="cls_8" obligation="normative">
	<title>Overview of effects of impurities in the ITS-90 fixed-point substances</title>
	<p id="_8c4b6fc3-8df8-8981-482a-cc4ca46eb57b">The influence of impurities on the fixed-point temperature differs substantially among the three types of fixed-point substances used in the ITS-90, namely cryogenic gases, water, and metals. The differences are manifest in the number and kind of common and effectively-acting impurities, their solubility in the melt and the solid, and in the slopes of the liquidus lines. The product of the fixed-point temperature <stem type="MathML"><math xmlns="http://www.w3.org/1998/Math/MathML"><msub><mrow><mstyle mathvariant="italic"><mi>T</mi></mstyle></mrow><mrow><mn>90</mn></mrow></msub></math></stem> and the cryoscopic constant <stem type="MathML"><math xmlns="http://www.w3.org/1998/Math/MathML"><mstyle mathvariant="italic"><mi>A</mi></mstyle></math></stem> is only weakly temperature dependent (the values range from 0.9 to 2.7), see <xref target="table1"/>. This suggests that, for all substances, the relative change of the realised temperature by impurities has the same order of magnitude for a given purity. The values <stem type="MathML"><math xmlns="http://www.w3.org/1998/Math/MathML"><msubsup><mrow><mi>m</mi></mrow><mrow><mn>1</mn></mrow><mrow><mi>i</mi></mrow></msubsup></math></stem> of the liquidus-line slopes listed in <link target="http://www.bipm.org/utils/common/pdf/ITS-90/Guide_ITS-90_2_1_Impurities_Appendix-2_2018.pdf">Appendix 2</link>support this tendency. On average, the absolute influence of impurities is more than one order of magnitude larger for metals than for the cryogenic gases, and for water it is in between. The distribution coefficients <stem type="MathML"><math xmlns="http://www.w3.org/1998/Math/MathML"><msubsup><mrow><mi>k</mi></mrow><mrow><mn>0</mn></mrow><mrow><mi>i</mi></mrow></msubsup></math></stem> are tabulated in <link target="http://www.bipm.org/utils/common/pdf/ITS-90/Guide_ITS-90_2_1_Impurities_Appendix-2_2018.pdf">Appendix 2</link>for two reasons. First, they show how purification can be achieved by zone refining. Second, for many systems, <stem type="MathML"><math xmlns="http://www.w3.org/1998/Math/MathML"><msubsup><mrow><mi>m</mi></mrow><mrow><mn>1</mn></mrow><mrow><mi>i</mi></mrow></msubsup></math></stem> can be estimated from <stem type="MathML"><math xmlns="http://www.w3.org/1998/Math/MathML"><msubsup><mrow><mi>k</mi></mrow><mrow><mn>0</mn></mrow><mrow><mi>i</mi></mrow></msubsup></math></stem> by applying <xref target="eq6"/>.</p>
	
	<clause id="scls_8-1" obligation="normative">


== Metanorma XML Syntax

(XML Line 000744:35): element "docidentifier" not allowed yet; missing required element "title"
(XML Line 000747:35): element "docidentifier" not allowed yet; missing required element "title"
(XML Line 000750:35): element "docidentifier" not allowed yet; missing required element "title"
(XML Line 000753:35): element "docidentifier" not allowed yet; missing required element "title"
(XML Line 000756:35): element "docidentifier" not allowed yet; missing required element "title"
(XML Line 000759:35): element "docidentifier" not allowed yet; missing required element "title"
(XML Line 000762:35): element "docidentifier" not allowed yet; missing required element "title"
(XML Line 000765:35): element "docidentifier" not allowed yet; missing required element "title"
(XML Line 000768:35): element "docidentifier" not allowed yet; missing required element "title"
(XML Line 000771:35): element "docidentifier" not allowed yet; missing required element "title"
(XML Line 000774:35): element "docidentifier" not allowed yet; missing required element "title"
(XML Line 000777:35): element "docidentifier" not allowed yet; missing required element "title"
(XML Line 000780:35): element "docidentifier" not allowed yet; missing required element "title"
(XML Line 000783:35): element "docidentifier" not allowed yet; missing required element "title"
(XML Line 000786:35): element "docidentifier" not allowed yet; missing required element "title"
(XML Line 000789:35): element "docidentifier" not allowed yet; missing required element "title"
(XML Line 000792:35): element "docidentifier" not allowed yet; missing required element "title"
(XML Line 000795:35): element "docidentifier" not allowed yet; missing required element "title"
(XML Line 000798:35): element "docidentifier" not allowed yet; missing required element "title"
(XML Line 000801:35): element "docidentifier" not allowed yet; missing required element "title"
(XML Line 000804:35): element "docidentifier" not allowed yet; missing required element "title"
(XML Line 000807:35): element "docidentifier" not allowed yet; missing required element "title"
(XML Line 000810:35): element "docidentifier" not allowed yet; missing required element "title"
(XML Line 000813:35): element "docidentifier" not allowed yet; missing required element "title"
(XML Line 000816:35): element "docidentifier" not allowed yet; missing required element "title"
(XML Line 000819:35): element "docidentifier" not allowed yet; missing required element "title"
(XML Line 000822:35): element "docidentifier" not allowed yet; missing required element "title"
(XML Line 000825:35): element "docidentifier" not allowed yet; missing required element "title"
(XML Line 000828:35): element "docidentifier" not allowed yet; missing required element "title"
(XML Line 000831:35): element "docidentifier" not allowed yet; missing required element "title"
(XML Line 000834:35): element "docidentifier" not allowed yet; missing required element "title"
(XML Line 000837:35): element "docidentifier" not allowed yet; missing required element "title"
(XML Line 000840:35): element "docidentifier" not allowed yet; missing required element "title"
(XML Line 000843:35): element "docidentifier" not allowed yet; missing required element "title"
(XML Line 000846:35): element "docidentifier" not allowed yet; missing required element "title"
(XML Line 000849:35): element "docidentifier" not allowed yet; missing required element "title"
(XML Line 000852:35): element "docidentifier" not allowed yet; missing required element "title"
(XML Line 000855:35): element "docidentifier" not allowed yet; missing required element "title"
(XML Line 000858:35): element "docidentifier" not allowed yet; missing required element "title"
(XML Line 000861:35): element "docidentifier" not allowed yet; missing required element "title"
(XML Line 000864:35): element "docidentifier" not allowed yet; missing required element "title"
(XML Line 000867:35): element "docidentifier" not allowed yet; missing required element "title"
(XML Line 000870:35): element "docidentifier" not allowed yet; missing required element "title"
(XML Line 000873:35): element "docidentifier" not allowed yet; missing required element "title"
(XML Line 000876:35): element "docidentifier" not allowed yet; missing required element "title"
(XML Line 000879:35): element "docidentifier" not allowed yet; missing required element "title"
(XML Line 000882:35): element "docidentifier" not allowed yet; missing required element "title"
(XML Line 000885:35): element "docidentifier" not allowed yet; missing required element "title"
(XML Line 000888:35): element "docidentifier" not allowed yet; missing required element "title"
(XML Line 000891:35): element "docidentifier" not allowed yet; missing required element "title"
(XML Line 000894:35): element "docidentifier" not allowed yet; missing required element "title"
(XML Line 000897:35): element "docidentifier" not allowed yet; missing required element "title"
(XML Line 000900:35): element "docidentifier" not allowed yet; missing required element "title"
(XML Line 000903:35): element "docidentifier" not allowed yet; missing required element "title"
(XML Line 000906:35): element "docidentifier" not allowed yet; missing required element "title"
(XML Line 000909:35): element "docidentifier" not allowed yet; missing required element "title"
(XML Line 000912:35): element "docidentifier" not allowed yet; missing required element "title"
(XML Line 000915:35): element "docidentifier" not allowed yet; missing required element "title"
(XML Line 000918:35): element "docidentifier" not allowed yet; missing required element "title"
(XML Line 000921:35): element "docidentifier" not allowed yet; missing required element "title"
(XML Line 000924:35): element "docidentifier" not allowed yet; missing required element "title"
(XML Line 000927:35): element "docidentifier" not allowed yet; missing required element "title"
(XML Line 000930:35): element "docidentifier" not allowed yet; missing required element "title"
(XML Line 000933:35): element "docidentifier" not allowed yet; missing required element "title"
(XML Line 000936:35): element "docidentifier" not allowed yet; missing required element "title"
(XML Line 000939:35): element "docidentifier" not allowed yet; missing required element "title"
(XML Line 000942:35): element "docidentifier" not allowed yet; missing required element "title"
(XML Line 000945:35): element "docidentifier" not allowed yet; missing required element "title"
(XML Line 000948:35): element "docidentifier" not allowed yet; missing required element "title"
(XML Line 000951:35): element "docidentifier" not allowed yet; missing required element "title"
(XML Line 000954:35): element "docidentifier" not allowed yet; missing required element "title"
(XML Line 000957:35): element "docidentifier" not allowed yet; missing required element "title"
(XML Line 000960:35): element "docidentifier" not allowed yet; missing required element "title"
(XML Line 000963:35): element "docidentifier" not allowed yet; missing required element "title"
(XML Line 000966:35): element "docidentifier" not allowed yet; missing required element "title"
(XML Line 000969:35): element "docidentifier" not allowed yet; missing required element "title"
(XML Line 000972:35): element "docidentifier" not allowed yet; missing required element "title"
(XML Line 000975:35): element "docidentifier" not allowed yet; missing required element "title"
(XML Line 000978:35): element "docidentifier" not allowed yet; missing required element "title"
(XML Line 000981:35): element "docidentifier" not allowed yet; missing required element "title"
(XML Line 000984:35): element "docidentifier" not allowed yet; missing required element "title"
(XML Line 000987:35): element "docidentifier" not allowed yet; missing required element "title"
(XML Line 000990:35): element "docidentifier" not allowed yet; missing required element "title"
(XML Line 000993:35): element "docidentifier" not allowed yet; missing required element "title"
(XML Line 000996:35): element "docidentifier" not allowed yet; missing required element "title"
(XML Line 000999:35): element "docidentifier" not allowed yet; missing required element "title"
(XML Line 001002:35): element "docidentifier" not allowed yet; missing required element "title"
(XML Line 001005:35): element "docidentifier" not allowed yet; missing required element "title"
(XML Line 001008:35): element "docidentifier" not allowed yet; missing required element "title"
(XML Line 001011:35): element "docidentifier" not allowed yet; missing required element "title"
(XML Line 001014:35): element "docidentifier" not allowed yet; missing required element "title"
(XML Line 001017:35): element "docidentifier" not allowed yet; missing required element "title"
(XML Line 001020:35): element "docidentifier" not allowed yet; missing required element "title"
(XML Line 001023:35): element "docidentifier" not allowed yet; missing required element "title"
(XML Line 001026:35): element "docidentifier" not allowed yet; missing required element "title"
(XML Line 001029:35): element "docidentifier" not allowed yet; missing required element "title"
(XML Line 001032:35): element "docidentifier" not allowed yet; missing required element "title"
(XML Line 001035:35): element "docidentifier" not allowed yet; missing required element "title"
(XML Line 001038:35): element "docidentifier" not allowed yet; missing required element "title"
(XML Line 001041:35): element "docidentifier" not allowed yet; missing required element "title"
(XML Line 001044:35): element "docidentifier" not allowed yet; missing required element "title"
(XML Line 001047:35): element "docidentifier" not allowed yet; missing required element "title"
(XML Line 001050:35): element "docidentifier" not allowed yet; missing required element "title"
(XML Line 001053:35): element "docidentifier" not allowed yet; missing required element "title"
(XML Line 001056:35): element "docidentifier" not allowed yet; missing required element "title"
(XML Line 001059:35): element "docidentifier" not allowed yet; missing required element "title"
(XML Line 001062:35): element "docidentifier" not allowed yet; missing required element "title"
(XML Line 001065:35): element "docidentifier" not allowed yet; missing required element "title"
(XML Line 001068:35): element "docidentifier" not allowed yet; missing required element "title"
