/__w/mn-samples-bipm/mn-samples-bipm/site/documents/guide-its90/guide-its90-02_3.err errors


== Anchors

(XML Line 000034): Crossreference target CCT2010 is undefined
	<xref target="CCT2010">CCT 2010</xref>
(XML Line 000159): Crossreference target Hill2003 is undefined
	<xref target="Hill2003">Hill and Steele 2003</xref>
(XML Line 000175): Crossreference target Pavese2003 is undefined
	<xref target="Pavese2003">Pavese <em>et al.</em> 2003</xref>
(XML Line 000367): Crossreference target Rusby2006 is undefined
	<xref target="Rusby2006">Rusby <em>et al.</em> 2006</xref>


== Metanorma XML Syntax

(XML Line 000826:35): element "docidentifier" not allowed yet; missing required element "title"
(XML Line 000829:35): element "docidentifier" not allowed yet; missing required element "title"
(XML Line 000832:35): element "docidentifier" not allowed yet; missing required element "title"
(XML Line 000835:35): element "docidentifier" not allowed yet; missing required element "title"
(XML Line 000838:35): element "docidentifier" not allowed yet; missing required element "title"
(XML Line 000841:35): element "docidentifier" not allowed yet; missing required element "title"
(XML Line 000844:35): element "docidentifier" not allowed yet; missing required element "title"
(XML Line 000847:35): element "docidentifier" not allowed yet; missing required element "title"
(XML Line 000850:35): element "docidentifier" not allowed yet; missing required element "title"
(XML Line 000853:35): element "docidentifier" not allowed yet; missing required element "title"
(XML Line 000856:35): element "docidentifier" not allowed yet; missing required element "title"
(XML Line 000859:35): element "docidentifier" not allowed yet; missing required element "title"
(XML Line 000862:35): element "docidentifier" not allowed yet; missing required element "title"
(XML Line 000865:35): element "docidentifier" not allowed yet; missing required element "title"
(XML Line 000868:35): element "docidentifier" not allowed yet; missing required element "title"
(XML Line 000871:35): element "docidentifier" not allowed yet; missing required element "title"
(XML Line 000874:35): element "docidentifier" not allowed yet; missing required element "title"
(XML Line 000877:35): element "docidentifier" not allowed yet; missing required element "title"
(XML Line 000880:35): element "docidentifier" not allowed yet; missing required element "title"
(XML Line 000883:35): element "docidentifier" not allowed yet; missing required element "title"
(XML Line 000886:35): element "docidentifier" not allowed yet; missing required element "title"
(XML Line 000889:35): element "docidentifier" not allowed yet; missing required element "title"
(XML Line 000892:35): element "docidentifier" not allowed yet; missing required element "title"
(XML Line 000895:35): element "docidentifier" not allowed yet; missing required element "title"
(XML Line 000898:35): element "docidentifier" not allowed yet; missing required element "title"
(XML Line 000901:35): element "docidentifier" not allowed yet; missing required element "title"
(XML Line 000924:35): element "docidentifier" not allowed yet; missing required element "title"
(XML Line 000927:35): element "docidentifier" not allowed yet; missing required element "title"
(XML Line 000930:35): element "docidentifier" not allowed yet; missing required element "title"
(XML Line 000933:35): element "docidentifier" not allowed yet; missing required element "title"
(XML Line 000936:35): element "docidentifier" not allowed yet; missing required element "title"
(XML Line 000939:35): element "docidentifier" not allowed yet; missing required element "title"
(XML Line 000942:35): element "docidentifier" not allowed yet; missing required element "title"
(XML Line 000945:35): element "docidentifier" not allowed yet; missing required element "title"
(XML Line 000968:35): element "docidentifier" not allowed yet; missing required element "title"
(XML Line 000991:35): element "docidentifier" not allowed yet; missing required element "title"
(XML Line 000994:35): element "docidentifier" not allowed yet; missing required element "title"
(XML Line 000997:35): element "docidentifier" not allowed yet; missing required element "title"
(XML Line 001009:35): element "docidentifier" not allowed yet; missing required element "title"
(XML Line 001012:35): element "docidentifier" not allowed yet; missing required element "title"
(XML Line 001015:35): element "docidentifier" not allowed yet; missing required element "title"
(XML Line 001018:35): element "docidentifier" not allowed yet; missing required element "title"
(XML Line 001021:35): element "docidentifier" not allowed yet; missing required element "title"
(XML Line 001044:35): element "docidentifier" not allowed yet; missing required element "title"
(XML Line 001047:35): element "docidentifier" not allowed yet; missing required element "title"
(XML Line 001050:35): element "docidentifier" not allowed yet; missing required element "title"
(XML Line 001053:35): element "docidentifier" not allowed yet; missing required element "title"
(XML Line 001056:35): element "docidentifier" not allowed yet; missing required element "title"
(XML Line 001079:35): element "docidentifier" not allowed yet; missing required element "title"
(XML Line 001082:35): element "docidentifier" not allowed yet; missing required element "title"
(XML Line 001085:35): element "docidentifier" not allowed yet; missing required element "title"
(XML Line 001088:35): element "docidentifier" not allowed yet; missing required element "title"
(XML Line 001091:35): element "docidentifier" not allowed yet; missing required element "title"
(XML Line 001094:35): element "docidentifier" not allowed yet; missing required element "title"
(XML Line 001097:35): element "docidentifier" not allowed yet; missing required element "title"
