/__w/mn-samples-bipm/mn-samples-bipm/site/documents/guide-its90/guide-its90-06.err errors


== Anchors

(XML Line 000173): Crossreference target Pokhodoun1993 is undefined
	<xref target="Pokhodoun1993">Pokhodoun <em>et al</em>. 1993</xref>
(XML Line 000180): Crossreference target Coslovi1980 is undefined
	<xref target="Coslovi1980">Coslovi and Righini 1980</xref>
(XML Line 000207): Crossreference target Coslovi1980 is undefined
	<xref target="Coslovi1980">Coslovi and Righini 1980</xref>
(XML Line 000209): Crossreference target Fisher1993 is undefined
	<xref target="Fisher1993">Fisher and Lei Fu 1993</xref>


== Metanorma XML Style Warning

(XML Line 000150): Hanging paragraph in clause
	<clause id="_standard_radiation_thermometers" obligation="normative">
	<title>Standard radiation thermometers</title>
	<p id="_e120a293-3351-1d9b-d909-3d93a765b461">The fundamental requirements embodied in <xref target="eq1"/> and <xref target="eq2"/> are that the instrument used, a radiation thermometer, be characterised using quasi-monochromatic or monochromatic radiation and that the reference source at the temperature <stem type="MathML"><math xmlns="http://www.w3.org/1998/Math/MathML"><msub><mrow><mstyle mathvariant="italic"><mi>T</mi></mstyle></mrow><mrow><mn>90</mn></mrow></msub><mfenced open="(" close=")"><mrow><mstyle mathvariant="italic"><mi>X</mi></mstyle></mrow></mfenced></math></stem> be a blackbody with a known emissivity. A radiation thermometer consists of an optical system which collects the radiant flux in a limited solid angle and in a well characterised spectral region at a distance from a source of radiation.</p>
	
	<clause id="_optical_system" obligation="normative">


== Metanorma XML Syntax

(XML Line 000555:35): element "docidentifier" not allowed yet; missing required element "title"
(XML Line 000568:35): element "docidentifier" not allowed yet; missing required element "title"
(XML Line 000571:35): element "docidentifier" not allowed yet; missing required element "title"
(XML Line 000574:35): element "docidentifier" not allowed yet; missing required element "title"
(XML Line 000597:35): element "docidentifier" not allowed yet; missing required element "title"
(XML Line 000600:35): element "docidentifier" not allowed yet; missing required element "title"
(XML Line 000603:35): element "docidentifier" not allowed yet; missing required element "title"
(XML Line 000606:35): element "docidentifier" not allowed yet; missing required element "title"
(XML Line 000609:35): element "docidentifier" not allowed yet; missing required element "title"
(XML Line 000612:35): element "docidentifier" not allowed yet; missing required element "title"
(XML Line 000615:35): element "docidentifier" not allowed yet; missing required element "title"
(XML Line 000618:35): element "docidentifier" not allowed yet; missing required element "title"
(XML Line 000621:35): element "docidentifier" not allowed yet; missing required element "title"
(XML Line 000624:35): element "docidentifier" not allowed yet; missing required element "title"
(XML Line 000627:35): element "docidentifier" not allowed yet; missing required element "title"
(XML Line 000640:35): element "docidentifier" not allowed yet; missing required element "title"
(XML Line 000643:35): element "docidentifier" not allowed yet; missing required element "title"
(XML Line 000646:35): element "docidentifier" not allowed yet; missing required element "title"
(XML Line 000649:35): element "docidentifier" not allowed yet; missing required element "title"
(XML Line 000652:35): element "docidentifier" not allowed yet; missing required element "title"
(XML Line 000655:35): element "docidentifier" not allowed yet; missing required element "title"
(XML Line 000658:35): element "docidentifier" not allowed yet; missing required element "title"
(XML Line 000661:35): element "docidentifier" not allowed yet; missing required element "title"
(XML Line 000664:35): element "docidentifier" not allowed yet; missing required element "title"
(XML Line 000667:35): element "docidentifier" not allowed yet; missing required element "title"
(XML Line 000670:35): element "docidentifier" not allowed yet; missing required element "title"
(XML Line 000673:35): element "docidentifier" not allowed yet; missing required element "title"
(XML Line 000686:35): element "docidentifier" not allowed yet; missing required element "title"
(XML Line 000689:35): element "docidentifier" not allowed yet; missing required element "title"
(XML Line 000692:35): element "docidentifier" not allowed yet; missing required element "title"
(XML Line 000715:35): element "docidentifier" not allowed yet; missing required element "title"
(XML Line 000718:35): element "docidentifier" not allowed yet; missing required element "title"
(XML Line 000721:35): element "docidentifier" not allowed yet; missing required element "title"
(XML Line 000724:35): element "docidentifier" not allowed yet; missing required element "title"
(XML Line 000727:35): element "docidentifier" not allowed yet; missing required element "title"
(XML Line 000730:35): element "docidentifier" not allowed yet; missing required element "title"
(XML Line 000733:35): element "docidentifier" not allowed yet; missing required element "title"
(XML Line 000736:35): element "docidentifier" not allowed yet; missing required element "title"
(XML Line 000739:35): element "docidentifier" not allowed yet; missing required element "title"
(XML Line 000742:35): element "docidentifier" not allowed yet; missing required element "title"
(XML Line 000745:35): element "docidentifier" not allowed yet; missing required element "title"
(XML Line 000748:35): element "docidentifier" not allowed yet; missing required element "title"
