/__w/mn-samples-bipm/mn-samples-bipm/site/documents/guide-its90/guide-its90-04.err errors


== Anchors

(XML Line 000058): Crossreference target Peruzzi2010 is undefined
	<xref target="Peruzzi2010">Peruzzi <em>et al.</em> 2010</xref>
(XML Line 000060): Crossreference target Thesis2008 is undefined
	<xref target="Thesis2008">Thesis 2008</xref>
(XML Line 000062): Crossreference target Peruzzi2010 is undefined
	<xref target="Peruzzi2010">Peruzzi <em>et al.</em> 2010</xref>
(XML Line 000069): Crossreference target Peruzzi2010 is undefined
	<xref target="Peruzzi2010">Peruzzi <em>et al.</em> 2010</xref>
(XML Line 000092): Crossreference target Kroeger1977 is undefined
	<xref target="Kroeger1977">Kroeger and Swenson 1977</xref>
(XML Line 000092): Crossreference target Pitre2006 is undefined
	<xref target="Pitre2006">Pitre and Moldover 2006</xref>


== Metanorma XML Style Warning

(XML Line 000095): Hanging paragraph in clause
	<clause id="cls_6" obligation="normative">
	<title>Pressure measurement</title>
	<p id="_a4957353-3c4b-aa6b-0715-96332fe969f0">The pressure-measuring system is isolated from the working gas by a calibrated flexible diaphragm, which may be at room temperature or at the bulb temperature. (<xref target="fig1"/> depicts a diaphragm manometer reading <stem type="MathML"><math xmlns="http://www.w3.org/1998/Math/MathML"><msub><mrow><mi>p</mi></mrow><mrow><mtext>R</mtext></mrow></msub></math></stem> directly; this is for illustration only.) In practice, the pressure <stem type="MathML"><math xmlns="http://www.w3.org/1998/Math/MathML"><msub><mrow><mi>p</mi></mrow><mrow><mtext>R</mtext></mrow></msub></math></stem> measured at room temperature is the sum of measurements made with some absolute manometer and a differential (diaphragm) manometer. The considerable advantages of a diaphragm at the lower temperature are to some extent offset by the need for a design that is stable despite temperature cycling [<eref type="inline" bibitemid="Steur2003" citeas="[26]">Steur <em>et al.</em> 2003</eref>, <eref type="inline" bibitemid="Steur2005" citeas="[28]">Steur <em>et al</em>. 2005</eref>]. In the experiments with low-temperature diaphragms, the maximum pressure was limited to <stem type="MathML"><math xmlns="http://www.w3.org/1998/Math/MathML"><mn>5</mn><mo rspace="thickmathspace">⁢</mo><mrow xref="U_kPa"><mi mathvariant="normal">kPa</mi></mrow>
	
	


== Metanorma XML Syntax

(XML Line 001123:35): element "docidentifier" not allowed yet; missing required element "title"
(XML Line 001126:35): element "docidentifier" not allowed yet; missing required element "title"
(XML Line 001129:35): element "docidentifier" not allowed yet; missing required element "title"
(XML Line 001132:35): element "docidentifier" not allowed yet; missing required element "title"
(XML Line 001135:35): element "docidentifier" not allowed yet; missing required element "title"
(XML Line 001138:35): element "docidentifier" not allowed yet; missing required element "title"
(XML Line 001141:35): element "docidentifier" not allowed yet; missing required element "title"
(XML Line 001144:35): element "docidentifier" not allowed yet; missing required element "title"
(XML Line 001147:35): element "docidentifier" not allowed yet; missing required element "title"
(XML Line 001150:35): element "docidentifier" not allowed yet; missing required element "title"
(XML Line 001153:35): element "docidentifier" not allowed yet; missing required element "title"
(XML Line 001156:35): element "docidentifier" not allowed yet; missing required element "title"
(XML Line 001159:35): element "docidentifier" not allowed yet; missing required element "title"
(XML Line 001162:35): element "docidentifier" not allowed yet; missing required element "title"
(XML Line 001165:35): element "docidentifier" not allowed yet; missing required element "title"
(XML Line 001168:35): element "docidentifier" not allowed yet; missing required element "title"
(XML Line 001171:35): element "docidentifier" not allowed yet; missing required element "title"
(XML Line 001174:35): element "docidentifier" not allowed yet; missing required element "title"
(XML Line 001177:35): element "docidentifier" not allowed yet; missing required element "title"
(XML Line 001180:35): element "docidentifier" not allowed yet; missing required element "title"
(XML Line 001183:35): element "docidentifier" not allowed yet; missing required element "title"
(XML Line 001186:35): element "docidentifier" not allowed yet; missing required element "title"
(XML Line 001189:35): element "docidentifier" not allowed yet; missing required element "title"
(XML Line 001192:35): element "docidentifier" not allowed yet; missing required element "title"
(XML Line 001195:35): element "docidentifier" not allowed yet; missing required element "title"
(XML Line 001198:35): element "docidentifier" not allowed yet; missing required element "title"
(XML Line 001201:35): element "docidentifier" not allowed yet; missing required element "title"
(XML Line 001204:35): element "docidentifier" not allowed yet; missing required element "title"
(XML Line 001207:35): element "docidentifier" not allowed yet; missing required element "title"
(XML Line 001210:35): element "docidentifier" not allowed yet; missing required element "title"
(XML Line 001213:35): element "docidentifier" not allowed yet; missing required element "title"
(XML Line 001216:35): element "docidentifier" not allowed yet; missing required element "title"
(XML Line 001219:35): element "docidentifier" not allowed yet; missing required element "title"
(XML Line 001222:35): element "docidentifier" not allowed yet; missing required element "title"
