/__w/mn-samples-bipm/mn-samples-bipm/site/documents/guide-its90/guide-its90-02_2.err errors


== Metanorma XML Style Warning

(XML Line 000185): Hanging paragraph in clause
	<clause id="_realization_of_the_tpw_temperature_in_a_tpw_cell" obligation="normative"><title>Realization of the TPW temperature in a TPW cell</title><clause id="_preparation_of_the_ice_mantle" obligation="normative"><title>Preparation of the ice mantle</title><p id="_8153570e-6a88-4865-9a36-158fab0a4cbb">The standard method for preparing an ice mantle around the thermometer well of a TPW cell is the “inner sheath method” [<eref type="inline" bibitemid="Cox1982" citeas="[8]">Cox and Vaughan 1982</eref>]. With this method, the ice mantle is grown from the inside outward by cooling the thermometer well.</p>
	<p id="_2d76d630-af1b-4a89-9eb5-86ec3abdad99">Depending on the coolant used (crushed solid CO<sub>2</sub>, heat pipe immersion cooler, liquid-nitrogen-cooled rod or liquid nitrogen), different variants can be adopted [<eref type="inline" bibitemid="Furukawa1997" citeas="[17]">Furukawa <em>et al.</em> 1997</eref>] which can be summarized as follows:</p>
	<ol id="_ed523a91-3e01-4409-ba10-d44357d55416" type="arabic">
	<li>
	<p id="_be9b0e22-b3e6-4e25-b4f0-eff30094be00">Crushed solid CO<sub>2</sub>: the thermometer well is filled with crushed solid CO<sub>2</sub> up to the level of the water surface in the cell and solid CO<sub>2</sub> is added to maintain such level until a mantle of desired thickness is formed. Approximately 1 ml of ethanol is added to the well prior to (along with) the CO<sub>2</sub> to promote heat transfer and thicker mantle at the bottom.</p>


== Metanorma XML Syntax

(XML Line 000133:181): element "em" not allowed here; expected the element end-tag or text
(XML Line 000133:241): element "em" not allowed here; expected the element end-tag or text
(XML Line 000133:326): element "em" not allowed here; expected the element end-tag or text
(XML Line 000133:417): element "em" not allowed here; expected the element end-tag or text
(XML Line 000138:210): element "em" not allowed here; expected the element end-tag or text
(XML Line 000139:793): element "em" not allowed here; expected the element end-tag or text
(XML Line 000139:888): element "em" not allowed here; expected the element end-tag or text
(XML Line 000140:241): element "em" not allowed here; expected the element end-tag or text
(XML Line 000146:366): element "em" not allowed here; expected the element end-tag or text
(XML Line 000164:1311): element "em" not allowed here; expected the element end-tag or text
(XML Line 000164:1404): element "em" not allowed here; expected the element end-tag or text
(XML Line 000164:237): element "em" not allowed here; expected the element end-tag or text
(XML Line 000164:870): element "em" not allowed here; expected the element end-tag or text
(XML Line 000166:282): element "em" not allowed here; expected the element end-tag or text
(XML Line 000166:377): element "em" not allowed here; expected the element end-tag or text
(XML Line 000173:1323): element "em" not allowed here; expected the element end-tag or text
(XML Line 000173:428): element "em" not allowed here; expected the element end-tag or text
(XML Line 000183:634): element "em" not allowed here; expected the element end-tag or text
(XML Line 000197:978): element "em" not allowed here; expected the element end-tag or text
(XML Line 000198:713): element "em" not allowed here; expected the element end-tag or text
(XML Line 000198:808): element "em" not allowed here; expected the element end-tag or text
(XML Line 000204:317): element "em" not allowed here; expected the element end-tag or text
(XML Line 000204:520): element "em" not allowed here; expected the element end-tag or text
(XML Line 000204:792): element "em" not allowed here; expected the element end-tag or text
(XML Line 000206:291): element "em" not allowed here; expected the element end-tag or text
(XML Line 000234:1443): element "em" not allowed here; expected the element end-tag or text
(XML Line 000237:2620): element "em" not allowed here; expected the element end-tag or text
(XML Line 000237:789): element "em" not allowed here; expected the element end-tag or text
