/__w/mn-samples-bipm/mn-samples-bipm/site/documents/guide-its90/guide-its90-05.err errors


== Anchors

(XML Line 000375): Crossreference target Hust1970 is undefined
	<xref target="Hust1970">Hust 1970</xref>
(XML Line 001122): Crossreference target Ancsin2006 is undefined
	<xref target="Ancsin2006">2006</xref>


== Metanorma XML Style Warning

(XML Line 000359): Hanging paragraph in clause
	<clause id="_typical_designs_of_sprts" obligation="normative">
	<title>Typical designs of SPRTs</title>
	<p id="_79b9d05d-d8d3-e4d4-f598-c909bd433b4e">The platinum wire for the sensing elements in all SPRTs is obtained “hard drawn”, as it is easier to handle in this condition, but it is thoroughly annealed during the manufacture of the thermometer. The sensing-element winding is usually bifilar, but occasionally other low inductance configurations are used. A low inductance is important if the thermometer is to be used in ac measurement circuits, and reduces the SPRT sensitivity to electromagnetic interference. In all SPRTs, the sensing element must be supported in a strain-free manner on a structure, usually made of clean high-purity polished silica, with no rough or sharp edges. As a result, a well designed and manufactured SPRT does not show hysteresis during thermal cycling. The sensing element is sealed in a suitable atmosphere and connected within the sheath to four platinum leads, two for the passage of the current and two for sensing the voltage. This is to enable a truly four-wire resistance measurement, in which lead resistance effects are eliminated.</p>
	
	<p id="_fda49e74-ac2a-08d0-5e92-d30fd6552b02">Mechanical, electrical and thermal constraints dictate that no SPRT can be used over the whole temperature range from <stem type="MathML"><math xmlns="http://www.w3.org/1998/Math/MathML"><mn>13.8033</mn><mo rspace="thickmathspace">⁢</mo><mrow xref="U_NISTu5"><mi mathvariant="normal">K</mi></mrow>
(XML Line 000488): Hanging paragraph in clause
	<clause id="_experimental_sources_of_uncertainty" obligation="normative">
	<title>EXPERIMENTAL SOURCES OF UNCERTAINTY</title>
	<p id="_4e1be92f-6440-3ff2-76d3-698cdddb6f2c">This subsection provides a brief summary of the known sources of uncertainty affecting platinum resistance thermometry, see also the overview of factors influencing the resistance given in [<eref type="inline" bibitemid="Pokhodun2002" citeas="[64]">Pokhodun 2002</eref>, <eref type="inline" bibitemid="MeyerRipple2006" citeas="[56]">Meyer and Ripple 2006</eref>]. The subsection explicitly excludes effects relating to fixed-point realisations (impurities, isotope effects, hydrostatic corrections, pressure effects, etc), since sources of uncertainty associated with fixed points are covered in <link target="https://www.bipm.org/en/committees/cc/cct/publications-cc.html">Chapter 2</link> <em>Fixed Points</em> (<link target="http://www.bipm.org/en/committees/cc/cct/guide-its90.html"/>), and effects associated with the triple point of water are covered in <link target="https://www.bipm.org/utils/common/pdf/ITS-90/Guide_ITS-90_2_2_TPW-2018.pdf">Section 2.2</link> <em>Triple Point of Water</em> of this chapter. The budget for estimating the uncertainty of the ITS-90 realisation with SPRTs calibrated at the fixed points is presented in Subsection 6.</p>
	
	<clause id="scls_5-1" obligation="normative">
(XML Line 000521): Hanging paragraph in clause
	<clause id="_vacancies_and_defects" obligation="normative">
	<title>Vacancies and defects</title>
	<p id="_bb3278aa-ba08-a5ca-12db-9519d3281f74">In a manner, very much like the effects of impurities, defects in the crystal structure of the platinum lattice also increase the resistance of the wire. The defects may be induced thermally or mechanically.</p>
	
	<clause id="_thermally_induced_defects" obligation="normative">
(XML Line 000632): Hanging paragraph in clause
	<clause id="_resistance_measurement" obligation="normative">
	<title>Resistance measurement</title>
	<p id="_5d0711ed-263e-01fb-4e21-193de068c628">Resistance measurements in platinum thermometry are usually made using automatic low-frequency resistance bridges. The reading of the bridges is typically a dimensionless ratio <stem type="MathML"><math xmlns="http://www.w3.org/1998/Math/MathML"><mstyle mathvariant="italic"><mi>X</mi></mstyle><mo>=</mo><mstyle mathvariant="italic"><mi>R</mi></mstyle><mfenced open="(" close=")"><mrow><msub><mrow><mstyle mathvariant="italic"><mi>T</mi></mstyle></mrow><mrow><mn>90</mn></mrow></msub></mrow></mfenced><mo>/</mo><msub><mrow><mstyle mathvariant="italic"><mi>R</mi></mstyle></mrow><mrow><mtext>S</mtext></mrow></msub></math></stem>, where <stem type="MathML"><math xmlns="http://www.w3.org/1998/Math/MathML"><mstyle mathvariant="italic"><mi>R</mi></mstyle><mfenced open="(" close=")"><mrow><msub><mrow><mstyle mathvariant="italic"><mi>T</mi></mstyle></mrow><mrow><mn>90</mn></mrow></msub></mrow></mfenced></math></stem> is the resistance of the SPRT under the current conditions of measurement, and <stem type="MathML"><math xmlns="http://www.w3.org/1998/Math/MathML"><msub><mrow><mstyle mathvariant="italic"><mi>R</mi></mstyle></mrow><mrow><mtext>S</mtext></mrow></msub></math></stem> is the resistance of a calibrated reference or standard resistor also connected to the bridge. The bridges all employ a 4-terminal-coaxial or guarded 4-terminal definition of resistance [<eref type="inline" bibitemid="Awan2011" citeas="[6]">Awan <em>et al.</em> 2011</eref>] to reduce the effect of lead resistances and stray impedances. The major sources of uncertainty associated with the resistance measurements include the reference resistor value and its stability, and self heating of the SPRT due to the sensing power. There are additional minor effects associated with the connecting cables and the resistance bridge itself.</p>
	
	<clause id="scls_5-3-1" obligation="normative">
(XML Line 000736): Hanging paragraph in clause
	<clause id="_uncertainty_in_sprt_calibrations" obligation="normative">
	<title>UNCERTAINTY IN SPRT CALIBRATIONS</title>
	<p id="_ad0e591b-19b6-0e90-3c47-b46fd08e173a">The estimation of the total uncertainty of a temperature value <stem type="MathML"><math xmlns="http://www.w3.org/1998/Math/MathML"><msub><mrow><mstyle mathvariant="italic"><mi>T</mi></mstyle></mrow><mrow><mn>90</mn></mrow></msub></math></stem> realised with an SPRT (<xref target="scls_6-4"/>) starts with the estimation of the uncertainty of the calibration at the fixed points (<xref target="scls_6-1"/>). But for a realisation at any temperature, it is necessary to propagate the calibration uncertainty (<xref target="scls_6-2"/>) and consider the non-uniqueness of the scale realisation due to interpolation errors (<xref target="scls_6-3"/>). The estimation for practical measurements starts with the calibration uncertainty as basic component. It is complex due to the variety of sub-ranges with different interpolation equations, the option to use either single or multiple TPW measurements, possibly with different TPW cells, and the options for the use of different resistance bridges or standard resistors for different resistance measurements. It requires, furthermore, to consider the SPRT effects discussed in Subsection 5 because usually a separate TPW measurement cannot be performed for each single temperature determination. Since the practical application of SPRTs is outside the scope of this guide, here only the most important cases routinely met during calibration of SPRTs are covered. For cases not covered here, and for detailed explanations and derivations, see [<eref type="inline" bibitemid="White2018" citeas="[98]">White <em>et al.</em> 2018</eref>]. In all cases, the necessary corrections and measuring errors are sufficiently small for estimating the uncertainty using a linear mathematical model.</p>
	
	<p id="_08c658d0-43de-04b6-58b8-a2520e78c4b6">Some subsections below provide graphs giving numerical values for some of the uncertainty contributions and the total uncertainty. The values in these graphs are purely indicative, and are given only to illustrate the approximate magnitude and temperature dependence of the various contributions. Users are expected to determine uncertainties appropriate to their measurements and use these in the equations.</p>
(XML Line 000837): Hanging paragraph in clause
	<clause id="scls_6-2" obligation="normative">
	<title>Propagation of calibration uncertainty</title>
	<p id="_441ecee5-656d-6ff8-5b8d-1d25ee03f958">The many interpolating equations of the ITS-90 greatly complicate the propagation of uncertainty for temperatures measured using SPRTs. Complications also arise from the option to use either single or multiple TPW measurements, possibly with different TPW cells, and the options for the use of different resistance bridges or standard resistors for different resistance measurements. In principle, each combination of these possibilities results in a different equation for total uncertainty. Further, the complexity of ITS-90 is such that it is generally impractical to obtain correct expressions for total uncertainty without some supporting mathematics. This subsection covers the two cases routinely met during calibration of SPRTs: LSPRTs/HTSPRTs and CSPRTs. For cases not covered here, and for detailed explanations and derivations, see [White <em>et al</em>. 2018].</p>
	
	<clause id="_fixed_point_sensitivity_coefficients_and_propagation_equation_without_correlations" obligation="normative">
(XML Line 000945): Hanging paragraph in clause
	<clause id="scls_6-3" obligation="normative">
	<title>Non-uniqueness due to interpolation errors</title>
	<p id="_6b856b67-bf13-92e6-d15a-fce4f45cfd5f">Ideally, the interpolating equations of ITS-90 should accommodate the real variations in the <stem type="MathML"><math xmlns="http://www.w3.org/1998/Math/MathML"><mstyle mathvariant="italic"><mi>W</mi></mstyle><mfenced open="(" close=""><mrow><msub><mrow><mstyle mathvariant="italic"><mi>T</mi></mstyle></mrow><mrow><mn>90</mn></mrow></msub></mrow></mfenced></math></stem>) relationship for different SPRTs. In practice, the functional form of the equations is insufficient to characterise the many complex physical effects that occur, and hence the SPRT calibration equations are subject to interpolation error. Interpolation error is responsible for non-uniqueness [<eref type="inline" bibitemid="Mangum1997" citeas="[47]">Mangum <em>et al.</em> 1997</eref>]: ambiguity in the scale that arises because there is more than one equation used (Type 1 non-uniqueness), more than one type of interpolating instrument used (Type 2 non-uniqueness), or different instances of the designated interpolation instrument applied (Type 3 non-uniqueness). Over most of the SPRT sub-ranges of ITS-90, non-uniqueness is a major source of uncertainty.</p>
	
	<p id="_73ba1a6f-43f6-f9de-d851-4f6abc243e9c">In this subsection, we consider only Type 1 and Type 3 non-uniqueness in the SPRT sub-ranges. (Type 2 non-uniqueness contributes only between the triple point of equilibrium hydrogen (<stem type="MathML"><math xmlns="http://www.w3.org/1998/Math/MathML"><mn>13.8033</mn><mo rspace="thickmathspace">⁢</mo><mrow xref="U_NISTu5"><mi mathvariant="normal">K</mi></mrow>


== Metanorma XML Syntax

(XML Line 004155:173): element "fn" not allowed here; expected the element end-tag, text or element "br", "em", "eref", "keyword", "link", "smallcap", "stem", "strike", "strong", "sub", "sup", "tt", "underline" or "xref"
(XML Line 004218:34): element "fn" not allowed here; expected the element end-tag, text or element "br", "em", "eref", "keyword", "link", "smallcap", "stem", "strike", "strong", "sub", "sup", "tt", "underline" or "xref"
(XML Line 004850:35): element "docidentifier" not allowed yet; missing required element "title"
(XML Line 004873:35): element "docidentifier" not allowed yet; missing required element "title"
(XML Line 004876:35): element "docidentifier" not allowed yet; missing required element "title"
(XML Line 004879:35): element "docidentifier" not allowed yet; missing required element "title"
(XML Line 004912:35): element "docidentifier" not allowed yet; missing required element "title"
(XML Line 004915:35): element "docidentifier" not allowed yet; missing required element "title"
(XML Line 004918:35): element "docidentifier" not allowed yet; missing required element "title"
(XML Line 004921:35): element "docidentifier" not allowed yet; missing required element "title"
(XML Line 004924:35): element "docidentifier" not allowed yet; missing required element "title"
(XML Line 004927:35): element "docidentifier" not allowed yet; missing required element "title"
(XML Line 004940:35): element "docidentifier" not allowed yet; missing required element "title"
(XML Line 004943:35): element "docidentifier" not allowed yet; missing required element "title"
(XML Line 004956:35): element "docidentifier" not allowed yet; missing required element "title"
(XML Line 004959:35): element "docidentifier" not allowed yet; missing required element "title"
(XML Line 004962:35): element "docidentifier" not allowed yet; missing required element "title"
(XML Line 004965:35): element "docidentifier" not allowed yet; missing required element "title"
(XML Line 004968:35): element "docidentifier" not allowed yet; missing required element "title"
(XML Line 004971:35): element "docidentifier" not allowed yet; missing required element "title"
(XML Line 004974:35): element "docidentifier" not allowed yet; missing required element "title"
(XML Line 004977:35): element "docidentifier" not allowed yet; missing required element "title"
(XML Line 004990:35): element "docidentifier" not allowed yet; missing required element "title"
(XML Line 004993:35): element "docidentifier" not allowed yet; missing required element "title"
(XML Line 004996:35): element "docidentifier" not allowed yet; missing required element "title"
(XML Line 004999:35): element "docidentifier" not allowed yet; missing required element "title"
(XML Line 005002:35): element "docidentifier" not allowed yet; missing required element "title"
(XML Line 005005:35): element "docidentifier" not allowed yet; missing required element "title"
(XML Line 005008:35): element "docidentifier" not allowed yet; missing required element "title"
(XML Line 005011:35): element "docidentifier" not allowed yet; missing required element "title"
(XML Line 005014:35): element "docidentifier" not allowed yet; missing required element "title"
(XML Line 005037:35): element "docidentifier" not allowed yet; missing required element "title"
(XML Line 005040:35): element "docidentifier" not allowed yet; missing required element "title"
(XML Line 005043:35): element "docidentifier" not allowed yet; missing required element "title"
(XML Line 005046:35): element "docidentifier" not allowed yet; missing required element "title"
(XML Line 005069:35): element "docidentifier" not allowed yet; missing required element "title"
(XML Line 005092:35): element "docidentifier" not allowed yet; missing required element "title"
(XML Line 005115:35): element "docidentifier" not allowed yet; missing required element "title"
(XML Line 005118:35): element "docidentifier" not allowed yet; missing required element "title"
(XML Line 005121:35): element "docidentifier" not allowed yet; missing required element "title"
(XML Line 005124:35): element "docidentifier" not allowed yet; missing required element "title"
(XML Line 005127:35): element "docidentifier" not allowed yet; missing required element "title"
(XML Line 005130:35): element "docidentifier" not allowed yet; missing required element "title"
(XML Line 005133:35): element "docidentifier" not allowed yet; missing required element "title"
(XML Line 005136:35): element "docidentifier" not allowed yet; missing required element "title"
(XML Line 005159:35): element "docidentifier" not allowed yet; missing required element "title"
(XML Line 005162:35): element "docidentifier" not allowed yet; missing required element "title"
(XML Line 005185:35): element "docidentifier" not allowed yet; missing required element "title"
(XML Line 005188:35): element "docidentifier" not allowed yet; missing required element "title"
(XML Line 005191:35): element "docidentifier" not allowed yet; missing required element "title"
(XML Line 005194:35): element "docidentifier" not allowed yet; missing required element "title"
(XML Line 005217:35): element "docidentifier" not allowed yet; missing required element "title"
(XML Line 005220:35): element "docidentifier" not allowed yet; missing required element "title"
(XML Line 005223:35): element "docidentifier" not allowed yet; missing required element "title"
(XML Line 005226:35): element "docidentifier" not allowed yet; missing required element "title"
(XML Line 005229:35): element "docidentifier" not allowed yet; missing required element "title"
(XML Line 005232:35): element "docidentifier" not allowed yet; missing required element "title"
(XML Line 005235:35): element "docidentifier" not allowed yet; missing required element "title"
(XML Line 005258:35): element "docidentifier" not allowed yet; missing required element "title"
(XML Line 005271:35): element "docidentifier" not allowed yet; missing required element "title"
(XML Line 005274:35): element "docidentifier" not allowed yet; missing required element "title"
(XML Line 005277:35): element "docidentifier" not allowed yet; missing required element "title"
(XML Line 005300:35): element "docidentifier" not allowed yet; missing required element "title"
(XML Line 005303:35): element "docidentifier" not allowed yet; missing required element "title"
(XML Line 005306:35): element "docidentifier" not allowed yet; missing required element "title"
(XML Line 005319:35): element "docidentifier" not allowed yet; missing required element "title"
(XML Line 005322:35): element "docidentifier" not allowed yet; missing required element "title"
(XML Line 005325:35): element "docidentifier" not allowed yet; missing required element "title"
(XML Line 005328:35): element "docidentifier" not allowed yet; missing required element "title"
(XML Line 005331:35): element "docidentifier" not allowed yet; missing required element "title"
(XML Line 005334:35): element "docidentifier" not allowed yet; missing required element "title"
(XML Line 005337:35): element "docidentifier" not allowed yet; missing required element "title"
(XML Line 005340:35): element "docidentifier" not allowed yet; missing required element "title"
(XML Line 005343:35): element "docidentifier" not allowed yet; missing required element "title"
(XML Line 005346:35): element "docidentifier" not allowed yet; missing required element "title"
(XML Line 005349:35): element "docidentifier" not allowed yet; missing required element "title"
(XML Line 005352:35): element "docidentifier" not allowed yet; missing required element "title"
(XML Line 005355:35): element "docidentifier" not allowed yet; missing required element "title"
(XML Line 005358:35): element "docidentifier" not allowed yet; missing required element "title"
(XML Line 005361:35): element "docidentifier" not allowed yet; missing required element "title"
(XML Line 005384:35): element "docidentifier" not allowed yet; missing required element "title"
(XML Line 005387:35): element "docidentifier" not allowed yet; missing required element "title"
(XML Line 005390:35): element "docidentifier" not allowed yet; missing required element "title"
(XML Line 005403:35): element "docidentifier" not allowed yet; missing required element "title"
(XML Line 005416:35): element "docidentifier" not allowed yet; missing required element "title"
(XML Line 005439:35): element "docidentifier" not allowed yet; missing required element "title"
(XML Line 005442:35): element "docidentifier" not allowed yet; missing required element "title"
(XML Line 005455:35): element "docidentifier" not allowed yet; missing required element "title"
(XML Line 005458:35): element "docidentifier" not allowed yet; missing required element "title"
(XML Line 005461:35): element "docidentifier" not allowed yet; missing required element "title"
(XML Line 005464:35): element "docidentifier" not allowed yet; missing required element "title"
(XML Line 005467:35): element "docidentifier" not allowed yet; missing required element "title"
(XML Line 005470:35): element "docidentifier" not allowed yet; missing required element "title"
(XML Line 005473:35): element "docidentifier" not allowed yet; missing required element "title"
(XML Line 005476:35): element "docidentifier" not allowed yet; missing required element "title"
(XML Line 005479:35): element "docidentifier" not allowed yet; missing required element "title"
(XML Line 005482:35): element "docidentifier" not allowed yet; missing required element "title"
(XML Line 005485:35): element "docidentifier" not allowed yet; missing required element "title"
(XML Line 005488:35): element "docidentifier" not allowed yet; missing required element "title"
(XML Line 005491:35): element "docidentifier" not allowed yet; missing required element "title"
(XML Line 005494:35): element "docidentifier" not allowed yet; missing required element "title"
(XML Line 005497:35): element "docidentifier" not allowed yet; missing required element "title"
(XML Line 005500:35): element "docidentifier" not allowed yet; missing required element "title"
(XML Line 005503:35): element "docidentifier" not allowed yet; missing required element "title"
(XML Line 005516:35): element "docidentifier" not allowed yet; missing required element "title"
(XML Line 005519:35): element "docidentifier" not allowed yet; missing required element "title"
(XML Line 005532:35): element "docidentifier" not allowed yet; missing required element "title"
(XML Line 005555:35): element "docidentifier" not allowed yet; missing required element "title"
(XML Line 005558:35): element "docidentifier" not allowed yet; missing required element "title"
