/__w/mn-samples-bipm/mn-samples-bipm/site/documents/guide-its90/guide-its90-01.err errors


== Anchors

(XML Line 000035): Crossreference target CIPM1989 is undefined
	<xref target="CIPM1989">CIPM 1989</xref>
(XML Line 000104): Crossreference target Sydoriak1964 is undefined
	<xref target="Sydoriak1964">Sydoriak <em>et al</em>. 1964</xref>
(XML Line 000136): normalised identifier in <clause id="_echelle_provisoire_de_temp__xe9_rature_de_1976_entre_05_unitsmlk_et_30_unitsmlk_ept_76" obligation="normative"/> from _echelle_provisoire_de_température_de_1976_entre_05_unitsmlk_et_30_unitsmlk_ept_76
	<clause id="_echelle_provisoire_de_temp__xe9_rature_de_1976_entre_05_unitsmlk_et_30_unitsmlk_ept_76" obligation="normative">
	<title>Echelle Provisoire de Température de 1976 entre <stem type="MathML"><math xmlns="http://www.w3.org/1998/Math/MathML"><mn>0</mn><mo>,</mo><mn>5</mn><mo rspace="thickmathspace">⁢</mo><mrow xref="U_NISTu5"><mi mathvariant="normal">K</mi></mrow>
	
	
	
(XML Line 000138): Crossreference target BIPM1979 is undefined
	<xref target="BIPM1979">BIPM 1979</xref>
(XML Line 000165): Crossreference target CIPM1989 is undefined
	<xref target="CIPM1989">CIPM 1989</xref>
(XML Line 000203): Crossreference target Stock2006 is undefined
	<xref target="Stock2006">Stock <em>et al</em>. 2006</xref>
(XML Line 000359): Crossreference target Engert2007 is undefined
	<xref target="Engert2007">Engert <em>et al.</em> 2007</xref>
(XML Line 000398): Crossreference target Hall1955 is undefined
	<xref target="Hall1955">Hall 1955</xref>
(XML Line 000406): Crossreference target BIPM1979 is undefined
	<xref target="BIPM1979">BIPM 1979</xref>
(XML Line 000601): Crossreference target White2007 is undefined
	<xref target="White2007">White and Saunders 2007</xref>


== Metanorma XML Style Warning

(XML Line 000033): Hanging paragraph in clause
	<clause id="_historical_background" obligation="normative">
	<title>Historical background</title>
	<p id="_7b6801c3-143b-a76b-ee75-afeca863e9d1">The ITS-90 [<xref target="CIPM1989">CIPM 1989</xref>, <eref type="inline" bibitemid="Preston1990" citeas="[29]">Preston-Thomas 1990</eref>] has evolved from a series of earlier ITSs. These were formulated to allow measurements of temperature to be made accurately and reproducibly, with temperatures measured on these scales being as close
	an approximation as possible to the corresponding thermodynamic temperatures. A full description of these scales, together with a historical review, can be found in, for example, [<eref type="inline" bibitemid="Quinn1990" citeas="[30]">Quinn 1990</eref>]. A brief description of several of the scales is also given in the appendix to the text of the ITS-90. This description is reproduced here accompanied by some explanations. In addition, details of three further scales (Normal Hydrogen Scale, ITS-90, and PLTS-2000) are discussed, with special emphasis laid on the structure, the thermodynamic basis, the uncertainty, and the reproducibility of the ITS-90. The historical background should aid in understanding the methods applied for the two scales currently in effect (ITS-90 and PLTS-2000). Finally, ideas are added on a possible improvement of the ITS by establishing a new ITS-XX, which is a long-term task. This should especially illustrate the deficiencies of the ITS-90, which may be of interest for special applications.</p>
	


== Metanorma XML Syntax

(XML Line 002635:35): element "docidentifier" not allowed yet; missing required element "title"
(XML Line 002638:35): element "docidentifier" not allowed yet; missing required element "title"
(XML Line 002641:35): element "docidentifier" not allowed yet; missing required element "title"
(XML Line 002644:35): element "docidentifier" not allowed yet; missing required element "title"
(XML Line 002647:35): element "docidentifier" not allowed yet; missing required element "title"
(XML Line 002650:35): element "docidentifier" not allowed yet; missing required element "title"
(XML Line 002653:35): element "docidentifier" not allowed yet; missing required element "title"
(XML Line 002656:35): element "docidentifier" not allowed yet; missing required element "title"
(XML Line 002659:35): element "docidentifier" not allowed yet; missing required element "title"
(XML Line 002662:35): element "docidentifier" not allowed yet; missing required element "title"
(XML Line 002665:35): element "docidentifier" not allowed yet; missing required element "title"
(XML Line 002668:35): element "docidentifier" not allowed yet; missing required element "title"
(XML Line 002671:35): element "docidentifier" not allowed yet; missing required element "title"
(XML Line 002674:35): element "docidentifier" not allowed yet; missing required element "title"
(XML Line 002677:35): element "docidentifier" not allowed yet; missing required element "title"
(XML Line 002680:35): element "docidentifier" not allowed yet; missing required element "title"
(XML Line 002683:35): element "docidentifier" not allowed yet; missing required element "title"
(XML Line 002686:35): element "docidentifier" not allowed yet; missing required element "title"
(XML Line 002689:35): element "docidentifier" not allowed yet; missing required element "title"
(XML Line 002702:35): element "docidentifier" not allowed yet; missing required element "title"
(XML Line 002725:35): element "docidentifier" not allowed yet; missing required element "title"
(XML Line 002728:35): element "docidentifier" not allowed yet; missing required element "title"
(XML Line 002731:35): element "docidentifier" not allowed yet; missing required element "title"
(XML Line 002734:35): element "docidentifier" not allowed yet; missing required element "title"
(XML Line 002737:35): element "docidentifier" not allowed yet; missing required element "title"
(XML Line 002740:35): element "docidentifier" not allowed yet; missing required element "title"
(XML Line 002763:35): element "docidentifier" not allowed yet; missing required element "title"
(XML Line 002766:35): element "docidentifier" not allowed yet; missing required element "title"
(XML Line 002769:35): element "docidentifier" not allowed yet; missing required element "title"
(XML Line 002772:35): element "docidentifier" not allowed yet; missing required element "title"
(XML Line 002775:35): element "docidentifier" not allowed yet; missing required element "title"
(XML Line 002778:35): element "docidentifier" not allowed yet; missing required element "title"
(XML Line 002781:35): element "docidentifier" not allowed yet; missing required element "title"
(XML Line 002784:35): element "docidentifier" not allowed yet; missing required element "title"
(XML Line 002787:35): element "docidentifier" not allowed yet; missing required element "title"
(XML Line 002790:35): element "docidentifier" not allowed yet; missing required element "title"
(XML Line 002793:35): element "docidentifier" not allowed yet; missing required element "title"
(XML Line 002796:35): element "docidentifier" not allowed yet; missing required element "title"
