/__w/mn-samples-bipm/mn-samples-bipm/site/documents/JCTLM/jctlm-ec-07.err errors


== Metanorma XML Style Warning

(XML Line 000132): Hanging paragraph in clause
	<annex id="_definitions" obligation="normative"><title>DEFINITIONS</title><clause id="_iso_remco_definition_of_a_crm" obligation="normative"><title>ISO REMCO definition of a CRM</title><p id="_77a7835e-0879-4017-89ca-6a7a25704287">Reference material, characterized by a metrologically valid procedure for one or more specified properties, accompanied by a certificate that provides the value of the specified property, its associated uncertainty, and a statement of metrological traceability</p>
	<note id="_ba4fc2ce-f526-4dfb-9701-6609bc09929d">
	<p id="_34ed9e23-eb91-4392-8333-535a68f06f13">The concept of value includes qualitative attributes such as identity or sequence. Uncertainties for such attributes may be expressed as probabilities.</p>
	</note>
	<note id="_54e5f042-75c6-4ab9-bb6a-b7a0e6dbca06">
(XML Line 000139): Hanging paragraph in clause
	<clause id="_international_vocabulary_of_metrology_vim_jcgm_2008" obligation="normative">
	<title>INTERNATIONAL VOCABULARY OF METROLOGY VIM (JCGM 2008)</title>
	<clause id="_nominal_property" obligation="normative"><title>Nominal property</title><p id="_79dee32e-29b5-4c8d-aa5f-7e69e3a9c42a">Property of a phenomenon, body, or substance, where the property has no magnitude</p>
	<ul id="_3199aac2-272b-46e2-88b2-3fd46365522b">
	<li>
(XML Line 000155): Hanging paragraph in clause
	<annex id="_expert_contribution" obligation="normative"><title>EXPERT CONTRIBUTION</title><clause id="_jctlm_nucleic_acid_review_team" obligation="normative">
	<title>JCTLM Nucleic Acid Review Team</title>
	<ol id="_4f44ac29-006c-40d2-8971-c7a1ffb0a5c8" type="arabic">
	<li>
	<p id="_12142e67-dce9-43d6-ad5b-67478a4af8b3">Helen Parkes — Senior Consultant Biomeasurement, LGC, UK</p>
(XML Line 000198): Hanging paragraph in clause
	<annex id="_existing_knowledge_base_reviewed" obligation="normative"><title>Existing Knowledge Base reviewed</title><clause id="_supporting_documents" obligation="normative">
	<title>Supporting documents</title>
	<ol id="_755594c1-5a45-472a-82fe-876a8fee7fec" type="arabic">
	<li>
	<p id="_712dac80-8aae-46b6-83ad-6bb9b6dce7ba">CLSI MM17-A- Verification and Validation of Multiplex Nucleic Acid Assays; Proposed Guideline</p>
