/__w/mn-samples-bipm/mn-samples-bipm/site/documents/JCTLM/jctlm_dbwg_p01a.err errors


== AsciiDoc Input

(ID _review_procedures_for_materials_and_methods): Section not marked up as [bibliography]!
	#<Asciidoctor::Section@46990629548160 {level: 2, title: "REVIEW PROCEDURES for Materials and Methods", blocks: 1}>
(Section: REVIEW PROCEDURES for Materials and Methods): no anchor on reference, markup may be malformed: see https://www.metanorma.com/author/topics/document-format/bibliography/ , https://www.metanorma.com/author/iso/topics/markup/#bibliographies: [<bookmark id="jctlm-DBWG-P-01A"/>], Outline of JCTLM DB WG process for evaluating and listing higher order materials and methods (This document)
	#<Asciidoctor::List@46990629546280 {context: :ulist, style: nil, items: 6}>
(Section: REVIEW PROCEDURES for Materials and Methods): no anchor on reference, markup may be malformed: see https://www.metanorma.com/author/topics/document-format/bibliography/ , https://www.metanorma.com/author/iso/topics/markup/#bibliographies: [<bookmark id="jctlm-DBWG-P-02A"/>], Process for requesting and accepting nominations for Certified Reference Materials (CRMs) and Reference Measurement Methods/Procedures (RMM/Ps)
	#<Asciidoctor::List@46990629546280 {context: :ulist, style: nil, items: 6}>
(Section: REVIEW PROCEDURES for Materials and Methods): no anchor on reference, markup may be malformed: see https://www.metanorma.com/author/topics/document-format/bibliography/ , https://www.metanorma.com/author/iso/topics/markup/#bibliographies: [<bookmark id="jctlm-DBWG-P-03A"/>], Process for the review of nominated Certified Reference Materials (CRMs) and Reference Measurement Methods/Procedures (RMM/Ps)
	#<Asciidoctor::List@46990629546280 {context: :ulist, style: nil, items: 6}>
(Section: REVIEW PROCEDURES for Materials and Methods): no anchor on reference, markup may be malformed: see https://www.metanorma.com/author/topics/document-format/bibliography/ , https://www.metanorma.com/author/iso/topics/markup/#bibliographies: [<bookmark id="jctlm-DBWG-P-04A"/>], Process for comparing certified values of the same measurand in multiple reference materials
	#<Asciidoctor::List@46990629546280 {context: :ulist, style: nil, items: 6}>
(Section: REVIEW PROCEDURES for Materials and Methods): no anchor on reference, markup may be malformed: see https://www.metanorma.com/author/topics/document-format/bibliography/ , https://www.metanorma.com/author/iso/topics/markup/#bibliographies: [<bookmark id="jctlm-DBWG-P-04B"/>], Process for demonstrating the extent-of-equivalence of Reference Measurement Methods/Procedures for the same nominal measurand
	#<Asciidoctor::List@46990629546280 {context: :ulist, style: nil, items: 6}>
(Section: REVIEW PROCEDURES for Materials and Methods): no anchor on reference, markup may be malformed: see https://www.metanorma.com/author/topics/document-format/bibliography/ , https://www.metanorma.com/author/iso/topics/markup/#bibliographies: [<bookmark id="jctlm-DBWG-P-05"/>], Process for consensus review of recommendations from DB WG Review Teams and communicating the recommendations to the JCTLM Secretariat
	#<Asciidoctor::List@46990629546280 {context: :ulist, style: nil, items: 6}>


== Metanorma XML Style Warning

(XML Line 000080): Hanging paragraph in clause
	<clause id="_related_documents" obligation="informative"><title>Related documents</title><bibitem id="jctlm-preamble">
	  <formattedref format="application/x-isodoc+xml">Available at — <link target="https://www.bipm.org/utils/common/pdf/JCTLM/Preamble.pdf"/></formattedref>
	  <docidentifier>JCTLM Preamble</docidentifier>
	  
	</bibitem><bibitem id="jctlm-DBWG-P-00">
(XML Line 000103): Table should have title
	<table id="_d73b0d5b-74b4-494a-b209-9aaf940b4621" unnumbered="true">
	<thead>
	<tr>
	<th valign="top" align="left">Version number</th>
	<th valign="top" align="left">Date of Issue/Review</th>


== Metanorma XML Syntax

(XML Line 000148:150): element "bibitem" not allowed here; expected the element end-tag or element "admonition", "bookmark", "clause", "dl", "example", "figure", "form", "formula", "hr", "imagemap", "note", "ol", "p", "pagebreak", "permission", "pre", "quote", "recommendation", "references", "requirement", "review", "sourcecode", "svgmap", "table" or "ul"
(XML Line 000152:41): element "bibitem" not allowed here; expected the element end-tag or element "admonition", "bookmark", "clause", "dl", "example", "figure", "form", "formula", "hr", "imagemap", "note", "ol", "p", "pagebreak", "permission", "pre", "quote", "recommendation", "references", "requirement", "review", "sourcecode", "svgmap", "table" or "ul"
(XML Line 000160:62): element "clause" not allowed here; expected the element end-tag or element "references"
