/__w/mn-samples-bipm/mn-samples-bipm/site/documents/JCTLM/jctlm_dbwg_p02b.err errors


== Metanorma XML Style Warning

(XML Line 000075): Hanging paragraph in clause
	<clause id="_respon_sibilities_and_authorizations" obligation="normative"><title>Respon sibilities and Authorizations</title><clause id="_a96e024e-8ff7-4c90-a414-049a62cf7795" obligation="normative"><p id="_5f8f78b9-77aa-4258-9f17-143523121759">Oversight responsibility and authority for the operations of the DB WG reside with its Chair and vice-chair(s).
	Communicating recommendations to the JCTLM Secretariat for listing reference measurement services provided by National Metrology Institutes (NMIs) is the responsibility of the DB WG vice-chair(s).</p>
	<p id="_8de0d937-61fd-4e69-833f-9aaac5dbe805">Communicating recommendations to the JCTLM Secretariat for listing reference measurement services of laboratories accredited (according to ISO/IEC 17025 and ISO 15195) is the responsibility of the DB WG vice-chair(s).</p>
	<p id="_55ce5c96-db4c-442c-a4ae-d37d61559129">Communicating recommendations of nominated reference measurement services of laboratories accredited (according to ISO/IEC 17025 and ISO 15195) to the JCTLM Secretariat is the responsibility of the expertise-based team leaders of Review Teams.</p>
	<p id="_632b496d-82f3-4caa-92ad-818772e0daae">Communicating recommendations of nominated reference measurement services provided by NMIs to the JCTLM Secretariat is the responsibility of the expertise-based team leaders of Review Teams</p>
(XML Line 000098): Hanging paragraph in clause
	<clause id="_procedure" obligation="normative"><title>Procedure</title><clause id="_6" obligation="normative">
	
	<p id="_1a60589f-90aa-40a9-a5fd-ebed9241d960">The process for nominating and reviewing reference measurement services for recommendation by the JCTLM for listing will occur annually (see flow chart in the Attachment).</p>
	</clause>
	<clause id="scls_6-2-2" obligation="normative"><p id="_efa13203-0a6a-440c-829c-0d6e74a0aaa2">Solicitation of nominations from calibration (reference) laboratories wishing their services to be listed on the JCTLM Database:</p>
(XML Line 000102): Hanging paragraph in clause
	<clause id="scls_6-2-2" obligation="normative"><p id="_efa13203-0a6a-440c-829c-0d6e74a0aaa2">Solicitation of nominations from calibration (reference) laboratories wishing their services to be listed on the JCTLM Database:</p>
	<clause id="_7" obligation="normative">
	
	<p id="_9836f8bb-cb68-41c7-9877-9ce361c8e622">The JCTLM Secretariat announces an open solicitation for nominations of reference measurement services for inclusion in the JCTLM database. The solicitation is made each year from February to the end of May. The solicitation announcement is found on the website of the BIPM at: <link target="https://www.bipm.org/en/committees/jc/jctlm/jctlm-nominations-and-review.html"/></p>
	</clause>
(XML Line 000111): Hanging paragraph in clause
	<clause id="_9" obligation="normative"><p id="_507f80fe-65a1-4ca7-893b-d7df5faf4300">Obtaining nomination forms:</p>
	<clause id="_10" obligation="normative"><p id="_b277dd83-3412-49cb-b10d-2b9495783129">Reference measurement laboratory management can obtain the nomination form from download from the BIPM website:</p>
	<p id="_32d89539-3387-4b9c-b2bf-4924d1561cec">Reference Measurement Services Nomination Form available at: <link target="https://www.bipm.org/utils/common/pdf/JCTLM/DBWG-P-02B-F-01.xls"/></p></clause></clause>
(XML Line 000114): Hanging paragraph in clause
	<clause id="_11" obligation="normative"><p id="_57fc0cbe-11a5-4e83-90ff-ee9dc9bedb78">Submitting nomination forms for consideration by the DB WG:</p>
	<clause id="_12" obligation="normative">
	
	<p id="_c8c933ab-9013-4791-8f78-2c4672ea7912">Nominating forms must be submitted by email to the JCTLM Secretariat at <link target="mailto:jctlm@bipm.org"/>.</p>
	</clause>
(XML Line 000127): Hanging paragraph in clause
	<clause id="_15" obligation="normative"><p id="_3e1614cb-c357-4f92-97ad-41a32ff594e0">Candidate Reference Laboratories are requested to submit nomination forms containing <strong>complete documentation on</strong></p>
	<clause id="_16" obligation="normative">
	
	<p id="_b55567c1-4d89-4ad4-81c2-126a71070e81">the legal identity and address,</p>
	</clause>
(XML Line 000148): Hanging paragraph in clause
	<clause id="_21" obligation="normative"><p id="_2bc51d50-5735-48fa-b403-45e5b681b6d1">the service provided by the RML which must use a reference method listed in the JCTLM database.</p>
	<clause id="_22" obligation="normative">
	
	<p id="_76f4c3d8-48cd-4048-92b8-02bc6112db6c">If the procedure implemented in the laboratory to deliver the reference measurement service differs from the Reference Method listed in the JCTLM database, but uses the same basic principle of measurement, and has been fully validated, the laboratory must provide the validation report of the modified method for its assessment by the experts of the review teams and its publication in the database if approved by JCTLM</p>
	</clause></clause>
(XML Line 000181): Hanging paragraph in clause
	<clause id="_29" obligation="normative"><p id="_20076fca-d412-4d60-b8f0-c84e253450c4">Submitting nomination forms for consideration by the DB WG:</p>
	<clause id="_30" obligation="normative">
	
	<p id="_ef215951-f5f5-43a1-88fa-49470a2500ca">The JCTLM Secretariat preliminary reviews submitted nominations for completeness within six weeks of their receipt in consultation with the DB WG Chair and vice-chair(s).</p>
	</clause>
(XML Line 000232): Hanging paragraph in clause
	<clause id="_42" obligation="normative"><p id="_c25d83d6-88d1-486a-b042-5885aa6a8c46">The secretariat compiles all review forms and recommendations and forwards these to the DB WG vice-Chair(s) for verification. Queries raised by the vice-Chair(s) are returned to the Review Team Leader and the JCTLM Secretariat. Answers to queries and the review teams’ recommendations and review forms are returned to the JCTLM Secretariat.</p>
	<clause id="_43" obligation="normative">
	
	<p id="_a1ffaf85-5fa4-4a40-8f13-721d64160e7d">The DB WG reviews at its annual meeting the recommendations from the review teams prior formal approval by the JCTLM Executive. (See DB WG P-05)</p>
	</clause>
(XML Line 000330): Table should have title
	<table id="_5eead372-ea11-4424-b2b3-a05a19307e12" unnumbered="true">
	<thead>
	<tr>
	<th valign="top" align="left">Version number</th>
	<th valign="top" align="left">Date of Issue/Review</th>
