/__w/mn-samples-bipm/mn-samples-bipm/site/documents/monographie/bipm-7/document.err errors


== Metanorma XML Style Warning

(XML Line 000033): Table should have title
	<table id="_b1b6075f-99f1-9b68-1f7e-af8168b2c422" unnumbered="true"><tbody><tr><td valign="top" align="center"><p id="_e364c996-f2f4-6032-c406-dfb810445cd9">G. Moscati<br/>
	President of the CCRI</p>
	</td>
	<td valign="top" align="center"><p id="_ffa81df2-cddc-a773-71ed-f87f1ee30499">A.J. Wallard<br/>
	Director of the BIPM</p>
(XML Line 000159): Hanging paragraph in clause
	<clause id="_input_data_associated_uncertainties_and_data_corrections" obligation="normative">
	<title>Input data, associated uncertainties and data corrections</title>
	<p id="_99572560-4443-035a-ad45-657ceec08d0c">This section discusses the various data items and the quantities of which these data items constitute realizations that are used in the modelling, namely those indicated in <xref target="st1-2-1"/>-<xref target="st1-2-4"/>. It also considers the available uncertainties associated with these data items. It further considers the correction factors that compensate for the presence of impurities in the radioactive solutions.</p>
	
	<clause id="eq_act_meas_data" obligation="normative">
(XML Line 000643): Hanging paragraph in clause
	<clause id="validation" obligation="normative">
	<title>Validation of model and uncertainty evaluation</title>
	<p id="_c39a034a-2da0-025c-cad9-795d639493da">Unless the model itself and aspects relating to the model are validated, the results produced may not be reliable. Therefore, attention is paid to the following issues:</p>
	
	<ol id="_7a7a4063-dec3-f5c7-17cb-0cdd1dd514ae" type="arabic"><li><p id="_27954f96-7c01-9195-8af9-5a5036929885">The choice of models from families of (e.g. polynomial or spline) models;</p>
(XML Line 000742): Hanging paragraph in clause
	<clause id="_determination_of_the_required_quantities_and_the_associated_uncertainty_evaluation" obligation="normative">
	<title>Determination of the required quantities and the associated uncertainty evaluation</title>
	<p id="_4a0f2c16-4ed1-29b4-206b-0114007e0b22">The primary quantities of interest are</p>
	
	<ul id="_e515200c-44a5-ea62-cd90-fda738bf6bf4"><li><p id="_f4b4a7a0-7741-b12b-c829-c22b064a5dec">parameters of the photon and electron efficiency curves,</p>
(XML Line 001609): Hanging paragraph in clause
	<annex id="appendixB" obligation="informative">
	<title>Derivatives required by the generalized non-linear least-squares algorithm and in the evaluation of uncertainties</title>
	<p id="_cbd6537e-9ec7-efcb-e046-c02fef633082">This appendix provides expressions for the derivatives required by the generalized non-linear least-squares algorithm and in the evaluation of uncertainties associated with estimates of the efficiency curve parameters (<xref target="first_order_derivative_eval"/>).</p>
	
	<clause id="_derivatives_with_respect_to_decay_corrected_measurement_quantities" obligation="informative">


== Document Attributes

(): Comité Consultatif des Rayonnements Ionisants is not a recognised committee


== Metanorma XML Syntax

(XML Line 000687:71): element "formula" not allowed here; expected the element end-tag or element "p"
(XML Line 000691:71): element "formula" not allowed here; expected the element end-tag or element "p"
(XML Line 000695:71): element "formula" not allowed here; expected the element end-tag or element "p"
(XML Line 000697:71): element "formula" not allowed here; expected the element end-tag or element "p"
(XML Line 000701:71): element "formula" not allowed here; expected the element end-tag or element "p"
(XML Line 001868:35): element "docidentifier" not allowed yet; missing required element "title"
(XML Line 001871:35): element "docidentifier" not allowed yet; missing required element "title"
(XML Line 001874:35): element "docidentifier" not allowed yet; missing required element "title"
(XML Line 001877:35): element "docidentifier" not allowed yet; missing required element "title"
(XML Line 001880:35): element "docidentifier" not allowed yet; missing required element "title"
(XML Line 001883:35): element "docidentifier" not allowed yet; missing required element "title"
(XML Line 001886:35): element "docidentifier" not allowed yet; missing required element "title"
(XML Line 001889:35): element "docidentifier" not allowed yet; missing required element "title"
(XML Line 001892:35): element "docidentifier" not allowed yet; missing required element "title"
(XML Line 001895:35): element "docidentifier" not allowed yet; missing required element "title"
(XML Line 001898:35): element "docidentifier" not allowed yet; missing required element "title"
(XML Line 001901:35): element "docidentifier" not allowed yet; missing required element "title"
(XML Line 001904:35): element "docidentifier" not allowed yet; missing required element "title"
(XML Line 001907:35): element "docidentifier" not allowed yet; missing required element "title"
(XML Line 001910:35): element "docidentifier" not allowed yet; missing required element "title"
(XML Line 001913:35): element "docidentifier" not allowed yet; missing required element "title"
(XML Line 001916:35): element "docidentifier" not allowed yet; missing required element "title"
(XML Line 001919:35): element "docidentifier" not allowed yet; missing required element "title"
(XML Line 001922:35): element "docidentifier" not allowed yet; missing required element "title"
(XML Line 001925:35): element "docidentifier" not allowed yet; missing required element "title"
(XML Line 001928:35): element "docidentifier" not allowed yet; missing required element "title"
(XML Line 001931:35): element "docidentifier" not allowed yet; missing required element "title"
(XML Line 001934:35): element "docidentifier" not allowed yet; missing required element "title"
(XML Line 001937:35): element "docidentifier" not allowed yet; missing required element "title"
(XML Line 001940:35): element "docidentifier" not allowed yet; missing required element "title"
(XML Line 001943:35): element "docidentifier" not allowed yet; missing required element "title"
(XML Line 001946:35): element "docidentifier" not allowed yet; missing required element "title"
(XML Line 001949:35): element "docidentifier" not allowed yet; missing required element "title"
(XML Line 001952:35): element "docidentifier" not allowed yet; missing required element "title"
(XML Line 001955:35): element "docidentifier" not allowed yet; missing required element "title"
(XML Line 001958:35): element "docidentifier" not allowed yet; missing required element "title"
(XML Line 001961:35): element "docidentifier" not allowed yet; missing required element "title"
(XML Line 001964:35): element "docidentifier" not allowed yet; missing required element "title"
(XML Line 001967:35): element "docidentifier" not allowed yet; missing required element "title"
(XML Line 001970:35): element "docidentifier" not allowed yet; missing required element "title"
(XML Line 001973:35): element "docidentifier" not allowed yet; missing required element "title"
(XML Line 001976:35): element "docidentifier" not allowed yet; missing required element "title"
(XML Line 001979:35): element "docidentifier" not allowed yet; missing required element "title"
(XML Line 001982:35): element "docidentifier" not allowed yet; missing required element "title"
(XML Line 001985:35): element "docidentifier" not allowed yet; missing required element "title"
(XML Line 001988:35): element "docidentifier" not allowed yet; missing required element "title"
(XML Line 001991:35): element "docidentifier" not allowed yet; missing required element "title"
(XML Line 001994:35): element "docidentifier" not allowed yet; missing required element "title"
(XML Line 001997:35): element "docidentifier" not allowed yet; missing required element "title"
(XML Line 002000:35): element "docidentifier" not allowed yet; missing required element "title"
(XML Line 002003:35): element "docidentifier" not allowed yet; missing required element "title"
(XML Line 002006:35): element "docidentifier" not allowed yet; missing required element "title"
(XML Line 002009:35): element "docidentifier" not allowed yet; missing required element "title"
(XML Line 002012:35): element "docidentifier" not allowed yet; missing required element "title"
