/__w/mn-samples-bipm/mn-samples-bipm/site/documents/rapports/2018-06/document.err errors


== Metanorma XML Style Warning

(XML Line 000233): Table should have title
	<table id="_54243dbe-749c-401f-b31f-fe8951e0d601" unnumbered="true">
	<tbody>
	<tr>
	<th colspan="6" valign="top" align="left">Reference qualities W-anode x-ray tube<fn reference="a"><p id="_d60041dd-ed23-4846-b3be-491d865d2529">Recommended by Section I of the CCEMRI (1972, 1975).</p></fn></th>
	</tr>
(XML Line 000280): Table should have title
	<table id="_3b55adff-fbb8-4e19-95b0-a6f852237baf" unnumbered="true">
	<tbody>
	<tr>
	<th colspan="5" valign="top" align="left">Reference qualities Mo-anode x-ray tube<fn reference="a"><p id="_60b7c82c-ca18-46d7-9390-88b56f009346">Endorsed by the CCRI (2011).</p></fn></th>
	</tr>
(XML Line 000322): Table should have title
	<table id="_0513aaff-8d8f-4eba-88ac-5b237caf6177" unnumbered="true">
	<tbody>
	<tr>
	<th colspan="8" valign="top" align="left">Reference qualities W-anode x-ray tube, Mo filter</th>
	</tr>
(XML Line 000546): Table should have title
	<table id="_3f7367d6-3f38-43cd-8311-332acbc9f974" unnumbered="true">
	<tbody>
	<tr>
	<th colspan="6" valign="top" align="left">Mo-anode x-ray tube</th>
	</tr>
(XML Line 000694): Table should have title
	<table id="_b6a3f7df-f079-4214-a09c-e1707fe7d620" unnumbered="true">
	<tbody>
	<tr>
	<th colspan="9" valign="top" align="left">W-anode x-ray tube, Mo filter</th>
	</tr>
(XML Line 001484): Table should have title
	<table id="_f4ba38ab-ffd2-4698-b037-8d387eb9d527" unnumbered="true">
	<tbody>
	<tr>
	<td valign="top" rowspan="2" align="left">Symbol</td>
	<td valign="top" rowspan="2" align="left">Parameter / unit</td>


== Document Attributes

():  is not a recognised committee


== Metanorma XML Syntax

(XML Line 000024:16): element "organization" incomplete; missing required element "name"
(XML Line 000037:16): element "organization" incomplete; missing required element "name"
(XML Line 000066:29): value of attribute "type" is invalid; must be equal to "abridgementOf", "adaptedFrom", "adoptedAs", "adoptedFrom", "annotationOf", "arrangementOf", "cataloguedBy", "catalogues", "cites", "commentaryOf", "complementOf", "complements", "derivedFrom", "derives", "describedBy", "describes", "draftOf", "editionOf", "exemplarOf", "expressionOf", "hasAbridgement", "hasAdaptation", "hasAnnotation", "hasArrangement", "hasCommentary", "hasDraft", "hasEdition", "hasExemplar", "hasExpression", "hasInstance", "hasManifestation", "hasPart", "hasReprint", "hasReproduction", "hasReview", "hasSuccessor", "hasTranslation", "includedIn", "includes", "instance", "isCitedIn", "manifestationOf", "mergedInto", "merges", "obsoletedBy", "obsoletes", "partOf", "related", "reprintOf", "reproductionOf", "reviewOf", "splitInto", "splits", "successorOf", "translatedFrom", "updatedBy" or "updates"
(XML Line 000068:26): element "date" not allowed yet; expected element "fetched", "formattedref" or "title"
(XML Line 000077:23): value of attribute "acronym" is invalid; must be equal to "BIPM", "CCAUV", "CCEM", "CCL", "CCL-CCTF", "CCM", "CCPR", "CCQM", "CCRI", "CCT", "CCTF", "CCU", "CGPM", "CIPM", "INetQI", "JCGM", "JCRB" or "JCTLM"
(XML Line 001155:121): element "fn" not allowed here; expected the element end-tag, text or element "br", "em", "index", "smallcap", "stem", "strike", "strong", "sub", "sup", "tt" or "underline"
(XML Line 001155:403): element "fn" not allowed here; expected the element end-tag, text or element "br", "em", "index", "smallcap", "stem", "strike", "strong", "sub", "sup", "tt" or "underline"
(XML Line 001586:121): element "fn" not allowed here; expected the element end-tag, text or element "br", "em", "index", "smallcap", "stem", "strike", "strong", "sub", "sup", "tt" or "underline"
(XML Line 001783:145): element "fn" not allowed here; expected the element end-tag, text or element "br", "em", "index", "smallcap", "stem", "strike", "strong", "sub", "sup", "tt" or "underline"
