/__w/mn-samples-bipm/mn-samples-bipm/site/documents/rapports/2018-02/document.err errors


== Metanorma XML Style Warning

(XML Line 000111): Table should have title
	<table id="table1">
	<tbody>
	<tr>
	<td valign="top" align="center"/>
	<th valign="top" align="center">
(XML Line 000477): Table should have title
	<table id="tableA1-1">
	<tbody>
	<tr>
	<td valign="top" align="center"/>
	<th valign="top" align="center">


== Document Attributes

():  is not a recognised committee


== Metanorma XML Syntax

(XML Line 000053:29): value of attribute "type" is invalid; must be equal to "abridgementOf", "adaptedFrom", "adoptedAs", "adoptedFrom", "annotationOf", "arrangementOf", "cataloguedBy", "catalogues", "cites", "commentaryOf", "complementOf", "complements", "derivedFrom", "derives", "describedBy", "describes", "draftOf", "editionOf", "exemplarOf", "expressionOf", "hasAbridgement", "hasAdaptation", "hasAnnotation", "hasArrangement", "hasCommentary", "hasDraft", "hasEdition", "hasExemplar", "hasExpression", "hasInstance", "hasManifestation", "hasPart", "hasReprint", "hasReproduction", "hasReview", "hasSuccessor", "hasTranslation", "includedIn", "includes", "instance", "isCitedIn", "manifestationOf", "mergedInto", "merges", "obsoletedBy", "obsoletes", "partOf", "related", "reprintOf", "reproductionOf", "reviewOf", "splitInto", "splits", "successorOf", "translatedFrom", "updatedBy" or "updates"
(XML Line 000055:26): element "date" not allowed yet; expected element "fetched", "formattedref" or "title"
(XML Line 000064:23): value of attribute "acronym" is invalid; must be equal to "BIPM", "CCAUV", "CCEM", "CCL", "CCL-CCTF", "CCM", "CCPR", "CCQM", "CCRI", "CCT", "CCTF", "CCU", "CGPM", "CIPM", "INetQI", "JCGM", "JCRB" or "JCTLM"
(XML Line 000814:114): element "xref" not allowed here; expected the element end-tag, text or element "br", "em", "index", "smallcap", "stem", "strike", "strong", "sub", "sup", "tt" or "underline"
(XML Line 000874:110): element "xref" not allowed here; expected the element end-tag, text or element "br", "em", "index", "smallcap", "stem", "strike", "strong", "sub", "sup", "tt" or "underline"
(XML Line 000874:78): element "xref" not allowed here; expected the element end-tag, text or element "br", "em", "index", "smallcap", "stem", "strike", "strong", "sub", "sup", "tt" or "underline"
