/__w/mn-samples-bipm/mn-samples-bipm/site/documents/monographie/bipm-6/document.err errors


== Metanorma XML Style Warning

(XML Line 000021): Table should have title
	<table id="_f948d8d7-b346-7373-b64b-2bbd27226e04" unnumbered="true"><tbody><tr><td valign="top" align="left"/><td valign="top" align="left"/></tr><tr><td valign="top" align="center"><p id="_ac00a60c-a29d-e445-5867-1558876a1079">G. Moscati<br/>
	President of the CCRI</p>
	</td>
	<td valign="top" align="center"><p id="_d470c60d-e6db-77a6-2afb-1d53ab3f6f30">A.J. Wallard<br/>
	Director of the BIPM</p>
(XML Line 000190): Hanging paragraph in clause
	<clause id="_carriers" obligation="normative">
	<title>Carriers</title>
	<p id="_c2693a0d-186f-f89c-6e4b-fad7f6f7c6e2">As a general rule, the molar concentrations of the radionuclides in solution are very low. For instance, an activity concentration of <stem type="MathML"><math xmlns="http://www.w3.org/1998/Math/MathML"><mn>800</mn><mo rspace="thickmathspace">⁢</mo><mrow xref="U_kBq/g"><mi mathvariant="normal">kBq</mi><mo>/</mo><mi mathvariant="normal">g</mi></mrow>
	
	
(XML Line 000274): Hanging paragraph in clause
	<clause id="glass" obligation="normative">
	<title>Glass ampoules</title>
	<note id="_9891f34d-7119-b7e9-7c39-ebbff4d244c6"><p id="_1dcf8f8e-75bd-bf67-2f24-fb03a3a3a46c">The glass ampoules usually used by the LNHB are referred to as “<stem type="MathML"><math xmlns="http://www.w3.org/1998/Math/MathML"><mn>5</mn><mo rspace="thickmathspace">⁢</mo><mrow xref="U_NISTu365"><mi mathvariant="normal">mL</mi></mrow>
	
	
(XML Line 000990): Hanging paragraph in clause
	<clause id="cleaning" obligation="normative">
	<title>Cleaning and packaging of glass ampoules</title>
	<p id="_8891250e-b870-0a60-6422-268c453a55cb">The process of deterioration of the glass surface can occur in the presence of the solution and of air (<eref type="inline" bibitemid="adams2" citeas="Adams, 1972"/>) as is schematically shown in <xref target="fig28"/>. The phenomena which can occur in sequence or simultaneously are the following: water adsorption, ion exchange, salt formation, leaching, etching, deposit forming, hydration and dehydration.</p>
	
	<p id="_f0fc934b-ff86-eac6-ded2-30199e00eb94">As previously mentioned in <xref target="mechanisms"/>, the glass surface is not smooth on a microscale. All glass is porous at the <stem type="MathML"><math xmlns="http://www.w3.org/1998/Math/MathML"><mn>0.1</mn><mo rspace="thickmathspace">⁢</mo><mrow xref="U_nm"><mi mathvariant="normal">nm</mi></mrow>


== Document Attributes

(): Comité Consultatif des Rayonnements Ionisants is not a recognised committee


== Metanorma XML Syntax

(XML Line 001747:77): element "fn" not allowed here; expected the element end-tag, text or element "br", "em", "eref", "keyword", "link", "smallcap", "stem", "strike", "strong", "sub", "sup", "tt", "underline" or "xref"
(XML Line 001752:77): element "fn" not allowed here; expected the element end-tag, text or element "br", "em", "eref", "keyword", "link", "smallcap", "stem", "strike", "strong", "sub", "sup", "tt", "underline" or "xref"
(XML Line 001767:76): element "fn" not allowed here; expected the element end-tag, text or element "br", "em", "eref", "keyword", "link", "smallcap", "stem", "strike", "strong", "sub", "sup", "tt", "underline" or "xref"
(XML Line 002061:18): element "docidentifier" not allowed yet; missing required element "title"
(XML Line 002065:18): element "docidentifier" not allowed yet; missing required element "title"
(XML Line 002069:18): element "docidentifier" not allowed yet; missing required element "title"
(XML Line 002073:18): element "docidentifier" not allowed yet; missing required element "title"
(XML Line 002087:18): element "docidentifier" not allowed yet; missing required element "title"
(XML Line 002101:18): element "docidentifier" not allowed yet; missing required element "title"
(XML Line 002105:18): element "docidentifier" not allowed yet; missing required element "title"
(XML Line 002109:18): element "docidentifier" not allowed yet; missing required element "title"
(XML Line 002113:18): element "docidentifier" not allowed yet; missing required element "title"
(XML Line 002117:18): element "docidentifier" not allowed yet; missing required element "title"
(XML Line 002121:18): element "docidentifier" not allowed yet; missing required element "title"
(XML Line 002125:18): element "docidentifier" not allowed yet; missing required element "title"
(XML Line 002129:18): element "docidentifier" not allowed yet; missing required element "title"
(XML Line 002133:18): element "docidentifier" not allowed yet; missing required element "title"
(XML Line 002137:18): element "docidentifier" not allowed yet; missing required element "title"
(XML Line 002141:18): element "docidentifier" not allowed yet; missing required element "title"
(XML Line 002145:18): element "docidentifier" not allowed yet; missing required element "title"
(XML Line 002149:18): element "docidentifier" not allowed yet; missing required element "title"
(XML Line 002153:18): element "docidentifier" not allowed yet; missing required element "title"
(XML Line 002157:18): element "docidentifier" not allowed yet; missing required element "title"
(XML Line 002161:18): element "docidentifier" not allowed yet; missing required element "title"
(XML Line 002165:18): element "docidentifier" not allowed yet; missing required element "title"
(XML Line 002169:18): element "docidentifier" not allowed yet; missing required element "title"
(XML Line 002173:18): element "docidentifier" not allowed yet; missing required element "title"
(XML Line 002177:18): element "docidentifier" not allowed yet; missing required element "title"
(XML Line 002181:18): element "docidentifier" not allowed yet; missing required element "title"
(XML Line 002185:18): element "docidentifier" not allowed yet; missing required element "title"
(XML Line 002189:18): element "docidentifier" not allowed yet; missing required element "title"
(XML Line 002193:18): element "docidentifier" not allowed yet; missing required element "title"
(XML Line 002197:18): element "docidentifier" not allowed yet; missing required element "title"
(XML Line 002211:18): element "docidentifier" not allowed yet; missing required element "title"
(XML Line 002215:18): element "docidentifier" not allowed yet; missing required element "title"
(XML Line 002219:18): element "docidentifier" not allowed yet; missing required element "title"
(XML Line 002223:18): element "docidentifier" not allowed yet; missing required element "title"
(XML Line 002227:18): element "docidentifier" not allowed yet; missing required element "title"
(XML Line 002231:18): element "docidentifier" not allowed yet; missing required element "title"
(XML Line 002235:18): element "docidentifier" not allowed yet; missing required element "title"
(XML Line 002239:18): element "docidentifier" not allowed yet; missing required element "title"
(XML Line 002243:18): element "docidentifier" not allowed yet; missing required element "title"
(XML Line 002257:18): element "docidentifier" not allowed yet; missing required element "title"
(XML Line 002261:18): element "docidentifier" not allowed yet; missing required element "title"
