/__w/mn-samples-bipm/mn-samples-bipm/site/documents/rapports/2018-03/document.err errors


== Metanorma XML Style Warning

(XML Line 000072): Hanging paragraph in clause
	<clause id="protocol" obligation="normative">
	<title>Measurement protocol</title>
	<p id="_2a54f546-cbeb-1e9d-39b5-c051990e8afa">This comparison was performed following the protocol established for the key comparison BIPM.QM-K1, with a modified measurement range: the instruments were compared over a nominal ozone mole fraction range of <stem type="MathML"><math xmlns="http://www.w3.org/1998/Math/MathML"><mn>0</mn><mo rspace="thickmathspace">⁢</mo><mrow xref="U_nmol/mol"><mi mathvariant="normal">nmol</mi><mo>/</mo><mi mathvariant="normal">mol</mi></mrow>
	
	
(XML Line 000107): Hanging paragraph in clause
	<clause id="measurement_standards" obligation="normative">
	<title>Measurement standards</title>
	<p id="_2bedfbd5-baad-b20c-fb39-fffd446cb738">All instruments included in this comparison were Standard Reference Photometers (SRP) built by the NIST. More details on the instrument’s operating principle and capabilities can be found in <eref type="inline" bibitemid="paur" citeas="[1]"/>. The following section describes the SRP measurement principle and uncertainty budget.</p>
	
	<clause id="_measurement_equation_of_a_nist_srp" obligation="normative">
(XML Line 000370): Hanging paragraph in clause
	<clause id="results" obligation="normative">
	<title>Results of the comparison</title>
	<p id="_83576a9d-3cc2-e8b9-fb7b-b9721c765866">SRP17, maintained by the CHMI, was compared with the SRPs maintained by the BIPM following the general procedure outlined above. A cycle of twelve comparison runs between SRP27, SRP28 and SRP17 were performed. Ozone was generated using the Environics 6100 generator with airflow of <stem type="MathML"><math xmlns="http://www.w3.org/1998/Math/MathML"><mn>10</mn><mo rspace="thickmathspace">⁢</mo><mrow xref="U_L/min"><mi mathvariant="normal">L</mi><mo>/</mo><mi mathvariant="normal">min</mi></mrow>
	
	


== Document Attributes

():  is not a recognised committee


== Metanorma XML Syntax

(XML Line 000008:123): text not allowed here; expected the element end-tag or element "description"
(XML Line 000036:97): value of attribute "type" is invalid; must be equal to "abridgementOf", "adaptedFrom", "adoptedAs", "adoptedFrom", "annotationOf", "arrangementOf", "cataloguedBy", "catalogues", "cites", "commentaryOf", "complementOf", "complements", "derivedFrom", "derives", "describedBy", "describes", "draftOf", "editionOf", "exemplarOf", "expressionOf", "hasAbridgement", "hasAdaptation", "hasAnnotation", "hasArrangement", "hasCommentary", "hasDraft", "hasEdition", "hasExemplar", "hasExpression", "hasInstance", "hasManifestation", "hasPart", "hasReprint", "hasReproduction", "hasReview", "hasSuccessor", "hasTranslation", "includedIn", "includes", "instance", "isCitedIn", "manifestationOf", "mergedInto", "merges", "obsoletedBy", "obsoletes", "partOf", "related", "reprintOf", "reproductionOf", "reviewOf", "splitInto", "splits", "successorOf", "translatedFrom", "updatedBy" or "updates"
(XML Line 000037:82): value of attribute "acronym" is invalid; must be equal to "BIPM", "CCAUV", "CCEM", "CCL", "CCL-CCTF-WGFS", "CCM", "CCPR", "CCQM", "CCRI", "CCT", "CCTF", "CCU", "CGPM", "CIPM", "INetQI", "JCGM", "JCRB" or "JCTLM"
(XML Line 001329:35): element "docidentifier" not allowed yet; missing required element "title"
(XML Line 001336:35): element "docidentifier" not allowed yet; missing required element "title"
(XML Line 001339:35): element "docidentifier" not allowed yet; missing required element "title"
(XML Line 001342:35): element "docidentifier" not allowed yet; missing required element "title"
(XML Line 001345:35): element "docidentifier" not allowed yet; missing required element "title"
